This is pdfTeX, Version 3.14159265-2.6-1.40.17 (MiKTeX 2.9.6210 64-bit) (preloaded format=pdflatex 2017.10.7)  24 NOV 2017 01:44
entering extended mode
**./reporte2.tex
(reporte2.tex
LaTeX2e <2017/01/01> patch level 1
Babel <3.9r> and hyphenation patterns for 75 language(s) loaded.
("C:\Program Files\MiKTeX 2.9\tex\latex\base\article.cls"
Document Class: article 2014/09/29 v1.4h Standard LaTeX document class
("C:\Program Files\MiKTeX 2.9\tex\latex\base\size10.clo"
File: size10.clo 2014/09/29 v1.4h Standard LaTeX file (size option)
)
\c@part=\count79
\c@section=\count80
\c@subsection=\count81
\c@subsubsection=\count82
\c@paragraph=\count83
\c@subparagraph=\count84
\c@figure=\count85
\c@table=\count86
\abovecaptionskip=\skip41
\belowcaptionskip=\skip42
\bibindent=\dimen102
)
(C:\Users\Usuario\AppData\Roaming\MiKTeX\2.9\tex\latex\standalone\standalone.st
y
Package: standalone 2015/07/15 v1.2 Package to include TeX sub-files with pream
bles
 ("C:\Program Files\MiKTeX 2.9\tex\generic\oberdiek\ifluatex.sty"
Package: ifluatex 2016/05/16 v1.4 Provides the ifluatex switch (HO)
Package ifluatex Info: LuaTeX not detected.
)
("C:\Program Files\MiKTeX 2.9\tex\generic\oberdiek\ifpdf.sty"
Package: ifpdf 2016/05/14 v3.1 Provides the ifpdf switch
)
("C:\Program Files\MiKTeX 2.9\tex\generic\ifxetex\ifxetex.sty"
Package: ifxetex 2010/09/12 v0.6 Provides ifxetex conditional
)
("C:\Program Files\MiKTeX 2.9\tex\latex\xkeyval\xkeyval.sty"
Package: xkeyval 2014/12/03 v2.7a package option processing (HA)

("C:\Program Files\MiKTeX 2.9\tex\generic\xkeyval\xkeyval.tex"
("C:\Program Files\MiKTeX 2.9\tex\generic\xkeyval\xkvutils.tex"
\XKV@toks=\toks14
\XKV@tempa@toks=\toks15

("C:\Program Files\MiKTeX 2.9\tex\generic\xkeyval\keyval.tex"))
\XKV@depth=\count87
File: xkeyval.tex 2014/12/03 v2.7a key=value parser (HA)
))
(C:\Users\Usuario\AppData\Roaming\MiKTeX\2.9\tex\latex\currfile\currfile.sty
Package: currfile 2015/04/23 v0.7c Provides the file path elements of the curre
nt input file

("C:\Program Files\MiKTeX 2.9\tex\latex\oberdiek\kvoptions.sty"
Package: kvoptions 2016/05/16 v3.12 Key value format for package options (HO)

("C:\Program Files\MiKTeX 2.9\tex\generic\oberdiek\ltxcmds.sty"
Package: ltxcmds 2016/05/16 v1.23 LaTeX kernel commands for general use (HO)
)
("C:\Program Files\MiKTeX 2.9\tex\generic\oberdiek\kvsetkeys.sty"
Package: kvsetkeys 2016/05/16 v1.17 Key value parser (HO)

("C:\Program Files\MiKTeX 2.9\tex\generic\oberdiek\infwarerr.sty"
Package: infwarerr 2016/05/16 v1.4 Providing info/warning/error messages (HO)
)
("C:\Program Files\MiKTeX 2.9\tex\generic\oberdiek\etexcmds.sty"
Package: etexcmds 2016/05/16 v1.6 Avoid name clashes with e-TeX commands (HO)
Package etexcmds Info: Could not find \expanded.
(etexcmds)             That can mean that you are not using pdfTeX 1.50 or
(etexcmds)             that some package has redefined \expanded.
(etexcmds)             In the latter case, load this package earlier.
)))
(C:\Users\Usuario\AppData\Roaming\MiKTeX\2.9\tex\latex\filehook\filehook.sty
Package: filehook 2011/10/12 v0.5d Hooks for input files
)
\c@currfiledepth=\count88
)
(C:\Users\Usuario\AppData\Roaming\MiKTeX\2.9\tex\latex\gincltex\gincltex.sty
(C:\Users\Usuario\AppData\Roaming\MiKTeX\2.9\tex\latex\svn-prov\svn-prov.sty
Package: svn-prov 2010/04/24 v3.1862 Package Date/Version from SVN Keywords
)
Package: gincltex 2011/09/04 v0.3 Include external LaTeX files like graphics

(C:\Users\Usuario\AppData\Roaming\MiKTeX\2.9\tex\latex\adjustbox\adjustbox.sty
Package: adjustbox 2012/05/21 v1.0 Adjusting TeX boxes (trim, clip, ...)

(C:\Users\Usuario\AppData\Roaming\MiKTeX\2.9\tex\latex\adjustbox\adjcalc.sty
Package: adjcalc 2012/05/16 v1.1 Provides advanced setlength with multiple back
-ends (calc, etex, pgfmath)
)
(C:\Users\Usuario\AppData\Roaming\MiKTeX\2.9\tex\latex\adjustbox\trimclip.sty
Package: trimclip 2012/05/16 v1.0 Trim and clip general TeX material

("C:\Program Files\MiKTeX 2.9\tex\latex\graphics\graphicx.sty"
Package: graphicx 2014/10/28 v1.0g Enhanced LaTeX Graphics (DPC,SPQR)

("C:\Program Files\MiKTeX 2.9\tex\latex\graphics\graphics.sty"
Package: graphics 2016/10/09 v1.0u Standard LaTeX Graphics (DPC,SPQR)

("C:\Program Files\MiKTeX 2.9\tex\latex\graphics\trig.sty"
Package: trig 2016/01/03 v1.10 sin cos tan (DPC)
)
("C:\Program Files\MiKTeX 2.9\tex\latex\graphics-cfg\graphics.cfg"
File: graphics.cfg 2016/06/04 v1.11 sample graphics configuration
)
Package graphics Info: Driver file: pdftex.def on input line 99.

("C:\Program Files\MiKTeX 2.9\tex\latex\graphics-def\pdftex.def"
File: pdftex.def 2017/01/12 v0.06k Graphics/color for pdfTeX
\Gread@gobject=\count89
))
\Gin@req@height=\dimen103
\Gin@req@width=\dimen104
)
(C:\Users\Usuario\AppData\Roaming\MiKTeX\2.9\tex\latex\collectbox\collectbox.st
y
Package: collectbox 2012/05/17 v0.4b Collect macro arguments as boxes
\collectedbox=\box26
)
\tc@llx=\dimen105
\tc@lly=\dimen106
\tc@urx=\dimen107
\tc@ury=\dimen108
Package trimclip Info: Using driver 'tc-pdftex.def'.

(C:\Users\Usuario\AppData\Roaming\MiKTeX\2.9\tex\latex\adjustbox\tc-pdftex.def
File: tc-pdftex.def 2012/05/13 v1.0 Clipping driver for pdftex
))
\adjbox@Width=\dimen109
\adjbox@Height=\dimen110
\adjbox@Depth=\dimen111
\adjbox@Totalheight=\dimen112

(C:\Users\Usuario\AppData\Roaming\MiKTeX\2.9\tex\latex\ifoddpage\ifoddpage.sty
Package: ifoddpage 2016/04/23 v1.1 Conditionals for odd/even page detection
\c@checkoddpage=\count90
) ("C:\Program Files\MiKTeX 2.9\tex\latex\ltxmisc\varwidth.sty"
Package: varwidth 2009/03/30 ver 0.92;  Variable-width minipages
\@vwid@box=\box27
\sift@deathcycles=\count91
\@vwid@loff=\dimen113
\@vwid@roff=\dimen114
))
\gincltex@box=\box28
)
(C:\Users\Usuario\AppData\Roaming\MiKTeX\2.9\tex\latex\filemod\filemod-expmin.s
ty
Package: filemod-expmin 2011/09/19 v1.2 Get and compare file modification times
 (expandable; minimal)
)) ("C:\Program Files\MiKTeX 2.9\tex\generic\babel\babel.sty"
Package: babel 2016/04/23 3.9r The Babel package

*************************************
* Local config file bblopts.cfg used
*
(C:\Users\Usuario\AppData\Roaming\MiKTeX\2.9\tex\latex\arabi\bblopts.cfg
File: bblopts.cfg 2005/09/08 v0.1 add Arabic and Farsi to "declared" options of
 babel
)
("C:\Program Files\MiKTeX 2.9\tex\latex\babel-spanish\spanish.ldf"
Language: spanish.ldf 2016/03/03 v5.0p Spanish support from the babel system

("C:\Program Files\MiKTeX 2.9\tex\generic\babel\babel.def"
File: babel.def 2016/04/23 3.9r Babel common definitions
\babel@savecnt=\count92
\U@D=\dimen115
)
\es@quottoks=\toks16
\es@quotdepth=\count93
Package babel Info: Making " an active character on input line 561.
Package babel Info: Making . an active character on input line 662.
Package babel Info: Making < an active character on input line 707.
Package babel Info: Making > an active character on input line 707.
))
("C:\Program Files\MiKTeX 2.9\tex\latex\base\inputenc.sty"
Package: inputenc 2015/03/17 v1.2c Input encoding file
\inpenc@prehook=\toks17
\inpenc@posthook=\toks18

("C:\Program Files\MiKTeX 2.9\tex\latex\base\utf8.def"
File: utf8.def 2016/02/28 v1.1s UTF-8 support for inputenc
Now handling font encoding OML ...
... no UTF-8 mapping file for font encoding OML
Now handling font encoding T1 ...
... processing UTF-8 mapping file for font encoding T1

("C:\Program Files\MiKTeX 2.9\tex\latex\base\t1enc.dfu"
File: t1enc.dfu 2016/02/28 v1.1s UTF-8 support for inputenc
   defining Unicode char U+00A0 (decimal 160)
   defining Unicode char U+00A1 (decimal 161)
   defining Unicode char U+00A3 (decimal 163)
   defining Unicode char U+00AB (decimal 171)
   defining Unicode char U+00AD (decimal 173)
   defining Unicode char U+00BB (decimal 187)
   defining Unicode char U+00BF (decimal 191)
   defining Unicode char U+00C0 (decimal 192)
   defining Unicode char U+00C1 (decimal 193)
   defining Unicode char U+00C2 (decimal 194)
   defining Unicode char U+00C3 (decimal 195)
   defining Unicode char U+00C4 (decimal 196)
   defining Unicode char U+00C5 (decimal 197)
   defining Unicode char U+00C6 (decimal 198)
   defining Unicode char U+00C7 (decimal 199)
   defining Unicode char U+00C8 (decimal 200)
   defining Unicode char U+00C9 (decimal 201)
   defining Unicode char U+00CA (decimal 202)
   defining Unicode char U+00CB (decimal 203)
   defining Unicode char U+00CC (decimal 204)
   defining Unicode char U+00CD (decimal 205)
   defining Unicode char U+00CE (decimal 206)
   defining Unicode char U+00CF (decimal 207)
   defining Unicode char U+00D0 (decimal 208)
   defining Unicode char U+00D1 (decimal 209)
   defining Unicode char U+00D2 (decimal 210)
   defining Unicode char U+00D3 (decimal 211)
   defining Unicode char U+00D4 (decimal 212)
   defining Unicode char U+00D5 (decimal 213)
   defining Unicode char U+00D6 (decimal 214)
   defining Unicode char U+00D8 (decimal 216)
   defining Unicode char U+00D9 (decimal 217)
   defining Unicode char U+00DA (decimal 218)
   defining Unicode char U+00DB (decimal 219)
   defining Unicode char U+00DC (decimal 220)
   defining Unicode char U+00DD (decimal 221)
   defining Unicode char U+00DE (decimal 222)
   defining Unicode char U+00DF (decimal 223)
   defining Unicode char U+00E0 (decimal 224)
   defining Unicode char U+00E1 (decimal 225)
   defining Unicode char U+00E2 (decimal 226)
   defining Unicode char U+00E3 (decimal 227)
   defining Unicode char U+00E4 (decimal 228)
   defining Unicode char U+00E5 (decimal 229)
   defining Unicode char U+00E6 (decimal 230)
   defining Unicode char U+00E7 (decimal 231)
   defining Unicode char U+00E8 (decimal 232)
   defining Unicode char U+00E9 (decimal 233)
   defining Unicode char U+00EA (decimal 234)
   defining Unicode char U+00EB (decimal 235)
   defining Unicode char U+00EC (decimal 236)
   defining Unicode char U+00ED (decimal 237)
   defining Unicode char U+00EE (decimal 238)
   defining Unicode char U+00EF (decimal 239)
   defining Unicode char U+00F0 (decimal 240)
   defining Unicode char U+00F1 (decimal 241)
   defining Unicode char U+00F2 (decimal 242)
   defining Unicode char U+00F3 (decimal 243)
   defining Unicode char U+00F4 (decimal 244)
   defining Unicode char U+00F5 (decimal 245)
   defining Unicode char U+00F6 (decimal 246)
   defining Unicode char U+00F8 (decimal 248)
   defining Unicode char U+00F9 (decimal 249)
   defining Unicode char U+00FA (decimal 250)
   defining Unicode char U+00FB (decimal 251)
   defining Unicode char U+00FC (decimal 252)
   defining Unicode char U+00FD (decimal 253)
   defining Unicode char U+00FE (decimal 254)
   defining Unicode char U+00FF (decimal 255)
   defining Unicode char U+0100 (decimal 256)
   defining Unicode char U+0101 (decimal 257)
   defining Unicode char U+0102 (decimal 258)
   defining Unicode char U+0103 (decimal 259)
   defining Unicode char U+0104 (decimal 260)
   defining Unicode char U+0105 (decimal 261)
   defining Unicode char U+0106 (decimal 262)
   defining Unicode char U+0107 (decimal 263)
   defining Unicode char U+0108 (decimal 264)
   defining Unicode char U+0109 (decimal 265)
   defining Unicode char U+010A (decimal 266)
   defining Unicode char U+010B (decimal 267)
   defining Unicode char U+010C (decimal 268)
   defining Unicode char U+010D (decimal 269)
   defining Unicode char U+010E (decimal 270)
   defining Unicode char U+010F (decimal 271)
   defining Unicode char U+0110 (decimal 272)
   defining Unicode char U+0111 (decimal 273)
   defining Unicode char U+0112 (decimal 274)
   defining Unicode char U+0113 (decimal 275)
   defining Unicode char U+0114 (decimal 276)
   defining Unicode char U+0115 (decimal 277)
   defining Unicode char U+0116 (decimal 278)
   defining Unicode char U+0117 (decimal 279)
   defining Unicode char U+0118 (decimal 280)
   defining Unicode char U+0119 (decimal 281)
   defining Unicode char U+011A (decimal 282)
   defining Unicode char U+011B (decimal 283)
   defining Unicode char U+011C (decimal 284)
   defining Unicode char U+011D (decimal 285)
   defining Unicode char U+011E (decimal 286)
   defining Unicode char U+011F (decimal 287)
   defining Unicode char U+0120 (decimal 288)
   defining Unicode char U+0121 (decimal 289)
   defining Unicode char U+0122 (decimal 290)
   defining Unicode char U+0123 (decimal 291)
   defining Unicode char U+0124 (decimal 292)
   defining Unicode char U+0125 (decimal 293)
   defining Unicode char U+0128 (decimal 296)
   defining Unicode char U+0129 (decimal 297)
   defining Unicode char U+012A (decimal 298)
   defining Unicode char U+012B (decimal 299)
   defining Unicode char U+012C (decimal 300)
   defining Unicode char U+012D (decimal 301)
   defining Unicode char U+012E (decimal 302)
   defining Unicode char U+012F (decimal 303)
   defining Unicode char U+0130 (decimal 304)
   defining Unicode char U+0131 (decimal 305)
   defining Unicode char U+0132 (decimal 306)
   defining Unicode char U+0133 (decimal 307)
   defining Unicode char U+0134 (decimal 308)
   defining Unicode char U+0135 (decimal 309)
   defining Unicode char U+0136 (decimal 310)
   defining Unicode char U+0137 (decimal 311)
   defining Unicode char U+0139 (decimal 313)
   defining Unicode char U+013A (decimal 314)
   defining Unicode char U+013B (decimal 315)
   defining Unicode char U+013C (decimal 316)
   defining Unicode char U+013D (decimal 317)
   defining Unicode char U+013E (decimal 318)
   defining Unicode char U+0141 (decimal 321)
   defining Unicode char U+0142 (decimal 322)
   defining Unicode char U+0143 (decimal 323)
   defining Unicode char U+0144 (decimal 324)
   defining Unicode char U+0145 (decimal 325)
   defining Unicode char U+0146 (decimal 326)
   defining Unicode char U+0147 (decimal 327)
   defining Unicode char U+0148 (decimal 328)
   defining Unicode char U+014A (decimal 330)
   defining Unicode char U+014B (decimal 331)
   defining Unicode char U+014C (decimal 332)
   defining Unicode char U+014D (decimal 333)
   defining Unicode char U+014E (decimal 334)
   defining Unicode char U+014F (decimal 335)
   defining Unicode char U+0150 (decimal 336)
   defining Unicode char U+0151 (decimal 337)
   defining Unicode char U+0152 (decimal 338)
   defining Unicode char U+0153 (decimal 339)
   defining Unicode char U+0154 (decimal 340)
   defining Unicode char U+0155 (decimal 341)
   defining Unicode char U+0156 (decimal 342)
   defining Unicode char U+0157 (decimal 343)
   defining Unicode char U+0158 (decimal 344)
   defining Unicode char U+0159 (decimal 345)
   defining Unicode char U+015A (decimal 346)
   defining Unicode char U+015B (decimal 347)
   defining Unicode char U+015C (decimal 348)
   defining Unicode char U+015D (decimal 349)
   defining Unicode char U+015E (decimal 350)
   defining Unicode char U+015F (decimal 351)
   defining Unicode char U+0160 (decimal 352)
   defining Unicode char U+0161 (decimal 353)
   defining Unicode char U+0162 (decimal 354)
   defining Unicode char U+0163 (decimal 355)
   defining Unicode char U+0164 (decimal 356)
   defining Unicode char U+0165 (decimal 357)
   defining Unicode char U+0168 (decimal 360)
   defining Unicode char U+0169 (decimal 361)
   defining Unicode char U+016A (decimal 362)
   defining Unicode char U+016B (decimal 363)
   defining Unicode char U+016C (decimal 364)
   defining Unicode char U+016D (decimal 365)
   defining Unicode char U+016E (decimal 366)
   defining Unicode char U+016F (decimal 367)
   defining Unicode char U+0170 (decimal 368)
   defining Unicode char U+0171 (decimal 369)
   defining Unicode char U+0172 (decimal 370)
   defining Unicode char U+0173 (decimal 371)
   defining Unicode char U+0174 (decimal 372)
   defining Unicode char U+0175 (decimal 373)
   defining Unicode char U+0176 (decimal 374)
   defining Unicode char U+0177 (decimal 375)
   defining Unicode char U+0178 (decimal 376)
   defining Unicode char U+0179 (decimal 377)
   defining Unicode char U+017A (decimal 378)
   defining Unicode char U+017B (decimal 379)
   defining Unicode char U+017C (decimal 380)
   defining Unicode char U+017D (decimal 381)
   defining Unicode char U+017E (decimal 382)
   defining Unicode char U+01CD (decimal 461)
   defining Unicode char U+01CE (decimal 462)
   defining Unicode char U+01CF (decimal 463)
   defining Unicode char U+01D0 (decimal 464)
   defining Unicode char U+01D1 (decimal 465)
   defining Unicode char U+01D2 (decimal 466)
   defining Unicode char U+01D3 (decimal 467)
   defining Unicode char U+01D4 (decimal 468)
   defining Unicode char U+01E2 (decimal 482)
   defining Unicode char U+01E3 (decimal 483)
   defining Unicode char U+01E6 (decimal 486)
   defining Unicode char U+01E7 (decimal 487)
   defining Unicode char U+01E8 (decimal 488)
   defining Unicode char U+01E9 (decimal 489)
   defining Unicode char U+01EA (decimal 490)
   defining Unicode char U+01EB (decimal 491)
   defining Unicode char U+01F0 (decimal 496)
   defining Unicode char U+01F4 (decimal 500)
   defining Unicode char U+01F5 (decimal 501)
   defining Unicode char U+0218 (decimal 536)
   defining Unicode char U+0219 (decimal 537)
   defining Unicode char U+021A (decimal 538)
   defining Unicode char U+021B (decimal 539)
   defining Unicode char U+1E02 (decimal 7682)
   defining Unicode char U+1E03 (decimal 7683)
   defining Unicode char U+200C (decimal 8204)
   defining Unicode char U+2010 (decimal 8208)
   defining Unicode char U+2011 (decimal 8209)
   defining Unicode char U+2012 (decimal 8210)
   defining Unicode char U+2013 (decimal 8211)
   defining Unicode char U+2014 (decimal 8212)
   defining Unicode char U+2015 (decimal 8213)
   defining Unicode char U+2018 (decimal 8216)
   defining Unicode char U+2019 (decimal 8217)
   defining Unicode char U+201A (decimal 8218)
   defining Unicode char U+201C (decimal 8220)
   defining Unicode char U+201D (decimal 8221)
   defining Unicode char U+201E (decimal 8222)
   defining Unicode char U+2030 (decimal 8240)
   defining Unicode char U+2031 (decimal 8241)
   defining Unicode char U+2039 (decimal 8249)
   defining Unicode char U+203A (decimal 8250)
   defining Unicode char U+2423 (decimal 9251)
)
Now handling font encoding OT1 ...
... processing UTF-8 mapping file for font encoding OT1

("C:\Program Files\MiKTeX 2.9\tex\latex\base\ot1enc.dfu"
File: ot1enc.dfu 2016/02/28 v1.1s UTF-8 support for inputenc
   defining Unicode char U+00A0 (decimal 160)
   defining Unicode char U+00A1 (decimal 161)
   defining Unicode char U+00A3 (decimal 163)
   defining Unicode char U+00AD (decimal 173)
   defining Unicode char U+00B8 (decimal 184)
   defining Unicode char U+00BF (decimal 191)
   defining Unicode char U+00C5 (decimal 197)
   defining Unicode char U+00C6 (decimal 198)
   defining Unicode char U+00D8 (decimal 216)
   defining Unicode char U+00DF (decimal 223)
   defining Unicode char U+00E6 (decimal 230)
   defining Unicode char U+00EC (decimal 236)
   defining Unicode char U+00ED (decimal 237)
   defining Unicode char U+00EE (decimal 238)
   defining Unicode char U+00EF (decimal 239)
   defining Unicode char U+00F8 (decimal 248)
   defining Unicode char U+0131 (decimal 305)
   defining Unicode char U+0141 (decimal 321)
   defining Unicode char U+0142 (decimal 322)
   defining Unicode char U+0152 (decimal 338)
   defining Unicode char U+0153 (decimal 339)
   defining Unicode char U+0174 (decimal 372)
   defining Unicode char U+0175 (decimal 373)
   defining Unicode char U+0176 (decimal 374)
   defining Unicode char U+0177 (decimal 375)
   defining Unicode char U+0218 (decimal 536)
   defining Unicode char U+0219 (decimal 537)
   defining Unicode char U+021A (decimal 538)
   defining Unicode char U+021B (decimal 539)
   defining Unicode char U+2013 (decimal 8211)
   defining Unicode char U+2014 (decimal 8212)
   defining Unicode char U+2018 (decimal 8216)
   defining Unicode char U+2019 (decimal 8217)
   defining Unicode char U+201C (decimal 8220)
   defining Unicode char U+201D (decimal 8221)
)
Now handling font encoding OMS ...
... processing UTF-8 mapping file for font encoding OMS

("C:\Program Files\MiKTeX 2.9\tex\latex\base\omsenc.dfu"
File: omsenc.dfu 2016/02/28 v1.1s UTF-8 support for inputenc
   defining Unicode char U+00A7 (decimal 167)
   defining Unicode char U+00B6 (decimal 182)
   defining Unicode char U+00B7 (decimal 183)
   defining Unicode char U+2020 (decimal 8224)
   defining Unicode char U+2021 (decimal 8225)
   defining Unicode char U+2022 (decimal 8226)
)
Now handling font encoding OMX ...
... no UTF-8 mapping file for font encoding OMX
Now handling font encoding U ...
... no UTF-8 mapping file for font encoding U
   defining Unicode char U+00A9 (decimal 169)
   defining Unicode char U+00AA (decimal 170)
   defining Unicode char U+00AE (decimal 174)
   defining Unicode char U+00BA (decimal 186)
   defining Unicode char U+02C6 (decimal 710)
   defining Unicode char U+02DC (decimal 732)
   defining Unicode char U+200C (decimal 8204)
   defining Unicode char U+2026 (decimal 8230)
   defining Unicode char U+2122 (decimal 8482)
   defining Unicode char U+2423 (decimal 9251)
))
(C:\Users\Usuario\AppData\Roaming\MiKTeX\2.9\tex\latex\ms\ragged2e.sty
Package: ragged2e 2009/05/21 v2.1 ragged2e Package (MS)

(C:\Users\Usuario\AppData\Roaming\MiKTeX\2.9\tex\latex\ms\everysel.sty
Package: everysel 2011/10/28 v1.2 EverySelectfont Package (MS)
)
\CenteringLeftskip=\skip43
\RaggedLeftLeftskip=\skip44
\RaggedRightLeftskip=\skip45
\CenteringRightskip=\skip46
\RaggedLeftRightskip=\skip47
\RaggedRightRightskip=\skip48
\CenteringParfillskip=\skip49
\RaggedLeftParfillskip=\skip50
\RaggedRightParfillskip=\skip51
\JustifyingParfillskip=\skip52
\CenteringParindent=\skip53
\RaggedLeftParindent=\skip54
\RaggedRightParindent=\skip55
\JustifyingParindent=\skip56
)
(C:\Users\Usuario\AppData\Roaming\MiKTeX\2.9\tex\latex\siunitx\siunitx.sty
(C:\Users\Usuario\AppData\Roaming\MiKTeX\2.9\tex\latex\l3kernel\expl3.sty
Package: expl3 2017/11/14 L3 programming layer (loader) 

(C:\Users\Usuario\AppData\Roaming\MiKTeX\2.9\tex\latex\l3kernel\expl3-code.tex
Package: expl3 2017/11/14 L3 programming layer (code)
\c_max_int=\count94
\l_tmpa_int=\count95
\l_tmpb_int=\count96
\g_tmpa_int=\count97
\g_tmpb_int=\count98
\g__intarray_font_int=\count99
\g__prg_map_int=\count100
\c_log_iow=\count101
\l_iow_line_count_int=\count102
\l__iow_line_target_int=\count103
\l__iow_one_indent_int=\count104
\l__iow_indent_int=\count105
\c_zero_dim=\dimen116
\c_max_dim=\dimen117
\l_tmpa_dim=\dimen118
\l_tmpb_dim=\dimen119
\g_tmpa_dim=\dimen120
\g_tmpb_dim=\dimen121
\c_zero_skip=\skip57
\c_max_skip=\skip58
\l_tmpa_skip=\skip59
\l_tmpb_skip=\skip60
\g_tmpa_skip=\skip61
\g_tmpb_skip=\skip62
\c_zero_muskip=\muskip10
\c_max_muskip=\muskip11
\l_tmpa_muskip=\muskip12
\l_tmpb_muskip=\muskip13
\g_tmpa_muskip=\muskip14
\g_tmpb_muskip=\muskip15
\l_keys_choice_int=\count106
\c__fp_leading_shift_int=\count107
\c__fp_middle_shift_int=\count108
\c__fp_trailing_shift_int=\count109
\c__fp_big_leading_shift_int=\count110
\c__fp_big_middle_shift_int=\count111
\c__fp_big_trailing_shift_int=\count112
\c__fp_Bigg_leading_shift_int=\count113
\c__fp_Bigg_middle_shift_int=\count114
\c__fp_Bigg_trailing_shift_int=\count115
\c__fp_rand_size_int=\count116
\c__fp_rand_four_int=\count117
\c__fp_rand_eight_int=\count118
\l__sort_length_int=\count119
\l__sort_min_int=\count120
\l__sort_top_int=\count121
\l__sort_max_int=\count122
\l__sort_true_max_int=\count123
\l__sort_block_int=\count124
\l__sort_begin_int=\count125
\l__sort_end_int=\count126
\l__sort_A_int=\count127
\l__sort_B_int=\count128
\l__sort_C_int=\count129
\l__tl_build_start_index_int=\count130
\l__tl_build_index_int=\count131
\l__tl_analysis_normal_int=\count132
\l__tl_analysis_index_int=\count133
\l__tl_analysis_nesting_int=\count134
\l__tl_analysis_type_int=\count135
\l__regex_internal_a_int=\count136
\l__regex_internal_b_int=\count137
\l__regex_internal_c_int=\count138
\l__regex_balance_int=\count139
\l__regex_group_level_int=\count140
\l__regex_mode_int=\count141
\c__regex_cs_in_class_mode_int=\count142
\c__regex_cs_mode_int=\count143
\l__regex_catcodes_int=\count144
\l__regex_default_catcodes_int=\count145
\c__regex_catcode_D_int=\count146
\c__regex_catcode_S_int=\count147
\c__regex_catcode_L_int=\count148
\c__regex_catcode_O_int=\count149
\c__regex_catcode_A_int=\count150
\c__regex_all_catcodes_int=\count151
\l__regex_show_lines_int=\count152
\l__regex_min_state_int=\count153
\l__regex_max_state_int=\count154
\l__regex_left_state_int=\count155
\l__regex_right_state_int=\count156
\l__regex_capturing_group_int=\count157
\l__regex_min_pos_int=\count158
\l__regex_max_pos_int=\count159
\l__regex_curr_pos_int=\count160
\l__regex_start_pos_int=\count161
\l__regex_success_pos_int=\count162
\l__regex_curr_char_int=\count163
\l__regex_curr_catcode_int=\count164
\l__regex_last_char_int=\count165
\l__regex_case_changed_char_int=\count166
\l__regex_curr_state_int=\count167
\l__regex_step_int=\count168
\l__regex_min_active_int=\count169
\l__regex_max_active_int=\count170
\l__regex_replacement_csnames_int=\count171
\l__regex_match_count_int=\count172
\l__regex_min_submatch_int=\count173
\l__regex_submatch_int=\count174
\l__regex_zeroth_submatch_int=\count175
\g__debug_trace_regex_int=\count176
\c_empty_box=\box29
\l_tmpa_box=\box30
\l_tmpb_box=\box31
\g_tmpa_box=\box32
\g_tmpb_box=\box33
\l__box_top_dim=\dimen122
\l__box_bottom_dim=\dimen123
\l__box_left_dim=\dimen124
\l__box_right_dim=\dimen125
\l__box_top_new_dim=\dimen126
\l__box_bottom_new_dim=\dimen127
\l__box_left_new_dim=\dimen128
\l__box_right_new_dim=\dimen129
\l__box_internal_box=\box34
\l__coffin_internal_box=\box35
\l__coffin_internal_dim=\dimen130
\l__coffin_offset_x_dim=\dimen131
\l__coffin_offset_y_dim=\dimen132
\l__coffin_x_dim=\dimen133
\l__coffin_y_dim=\dimen134
\l__coffin_x_prime_dim=\dimen135
\l__coffin_y_prime_dim=\dimen136
\c_empty_coffin=\box36
\l__coffin_aligned_coffin=\box37
\l__coffin_aligned_internal_coffin=\box38
\l_tmpa_coffin=\box39
\l_tmpb_coffin=\box40
\l__coffin_display_coffin=\box41
\l__coffin_display_coord_coffin=\box42
\l__coffin_display_pole_coffin=\box43
\l__coffin_display_offset_dim=\dimen137
\l__coffin_display_x_dim=\dimen138
\l__coffin_display_y_dim=\dimen139
\l__coffin_bounding_shift_dim=\dimen140
\l__coffin_left_corner_dim=\dimen141
\l__coffin_right_corner_dim=\dimen142
\l__coffin_bottom_corner_dim=\dimen143
\l__coffin_top_corner_dim=\dimen144
\l__coffin_scaled_total_height_dim=\dimen145
\l__coffin_scaled_width_dim=\dimen146
) (C:\Users\Usuario\AppData\Roaming\MiKTeX\2.9\tex\latex\l3kernel\l3pdfmode.def
File: l3pdfmode.def 2017/03/18 v L3 Experimental driver: PDF mode
\l__driver_color_stack_int=\count177
\l__driver_tmp_box=\box44
))
(C:\Users\Usuario\AppData\Roaming\MiKTeX\2.9\tex\latex\l3packages\xparse\xparse
.sty
Package: xparse 2017/11/14 L3 Experimental document command parser
\l__xparse_current_arg_int=\count178
\g__xparse_grabber_int=\count179
\l__xparse_m_args_int=\count180
\l__xparse_mandatory_args_int=\count181
\l__xparse_v_nesting_int=\count182
)
Package: siunitx 2017/08/02 v2.7j A comprehensive (SI) units package
 ("C:\Program Files\MiKTeX 2.9\tex\latex\amsmath\amstext.sty"
Package: amstext 2000/06/29 v2.01 AMS text

("C:\Program Files\MiKTeX 2.9\tex\latex\amsmath\amsgen.sty"
File: amsgen.sty 1999/11/30 v2.0 generic functions
\@emptytoks=\toks19
\ex@=\dimen147
))
("C:\Program Files\MiKTeX 2.9\tex\latex\tools\array.sty"
Package: array 2016/10/06 v2.4d Tabular extension package (FMi)
\col@sep=\dimen148
\extrarowheight=\dimen149
\NC@list=\toks20
\extratabsurround=\skip63
\backup@length=\skip64
)
(C:\Users\Usuario\AppData\Roaming\MiKTeX\2.9\tex\latex\l3packages\l3keys2e\l3ke
ys2e.sty
Package: l3keys2e 2017/11/14 LaTeX2e option processing using LaTeX3 keys
)
\l__siunitx_tmp_box=\box45
\l__siunitx_tmp_dim=\dimen150
\l__siunitx_tmp_int=\count183
\l__siunitx_number_mantissa_length_int=\count184
\l__siunitx_number_uncert_length_int=\count185
\l__siunitx_round_int=\count186
\l__siunitx_process_decimal_int=\count187
\l__siunitx_process_uncertainty_int=\count188
\l__siunitx_process_fixed_int=\count189
\l__siunitx_process_integer_min_int=\count190
\l__siunitx_process_precision_int=\count191
\l__siunitx_group_min_int=\count192
\l__siunitx_angle_marker_box=\box46
\l__siunitx_angle_unit_box=\box47
\l__siunitx_angle_marker_dim=\dimen151
\l__siunitx_angle_unit_dim=\dimen152
\l__siunitx_unit_int=\count193
\l__siunitx_unit_denominator_int=\count194
\l__siunitx_unit_numerator_int=\count195
\l__siunitx_unit_prefix_int=\count196
\l__siunitx_unit_prefix_base_int=\count197
\l__siunitx_unit_prefix_gram_int=\count198
\l__siunitx_number_product_int=\count199
\c__siunitx_one_fill_skip=\skip65
\l__siunitx_table_unit_align_skip=\skip66
\l__siunitx_table_exponent_dim=\dimen153
\l__siunitx_table_integer_dim=\dimen154
\l__siunitx_table_mantissa_dim=\dimen155
\l__siunitx_table_marker_dim=\dimen156
\l__siunitx_table_result_dim=\dimen157
\l__siunitx_table_uncert_dim=\dimen158
\l__siunitx_table_fill_pre_dim=\dimen159
\l__siunitx_table_fill_post_dim=\dimen160
\l__siunitx_table_fill_mid_dim=\dimen161
\l__siunitx_table_pre_box=\box48
\l__siunitx_table_post_box=\box49
\l__siunitx_table_mantissa_box=\box50
\l__siunitx_table_result_box=\box51
\l__siunitx_table_number_align_skip=\skip67
\l__siunitx_table_text_align_skip=\skip68
.................................................
. LaTeX info: "xparse/define-command"
. 
. Defining command \DeclareBinaryPrefix with sig. 'mmm' on line 7247.
.................................................
.................................................
. LaTeX info: "xparse/define-command"
. 
. Defining command \DeclareSIPostPower with sig. 'mm' on line 7250.
.................................................
.................................................
. LaTeX info: "xparse/define-command"
. 
. Defining command \DeclareSIPrefix with sig. 'mmm' on line 7253.
.................................................
.................................................
. LaTeX info: "xparse/define-command"
. 
. Defining command \DeclareSIPrePower with sig. 'mm' on line 7256.
.................................................
.................................................
. LaTeX info: "xparse/define-command"
. 
. Defining command \DeclareSIQualifier with sig. 'mm' on line 7259.
.................................................
.................................................
. LaTeX info: "xparse/define-command"
. 
. Defining command \DeclareSIUnit with sig. 'O{}mm' on line 7262.
.................................................
.................................................
. LaTeX info: "xparse/define-command"
. 
. Defining command \DeclareSIUnitWithOptions with sig. 'mmm' on line 7265.
.................................................
.................................................
. LaTeX info: "xparse/define-command"
. 
. Defining command \ang with sig. 'o>{\SplitArgument {2}{;}}m' on line 7280.
.................................................
.................................................
. LaTeX info: "xparse/define-command"
. 
. Defining command \num with sig. 'om' on line 7289.
.................................................
.................................................
. LaTeX info: "xparse/define-command"
. 
. Defining command \numlist with sig. 'o>{\SplitList {;}}m' on line 7298.
.................................................
.................................................
. LaTeX info: "xparse/define-command"
. 
. Defining command \numrange with sig. 'omm' on line 7307.
.................................................
.................................................
. LaTeX info: "xparse/define-command"
. 
. Defining command \SIlist with sig. 'o>{\SplitList {;}}mm' on line 7319.
.................................................
.................................................
. LaTeX info: "xparse/define-command"
. 
. Defining command \SIrange with sig. 'ommm' on line 7331.
.................................................
.................................................
. LaTeX info: "xparse/define-command"
. 
. Defining command \SI with sig. 'omom' on line 7343.
.................................................
.................................................
. LaTeX info: "xparse/define-command"
. 
. Defining command \sisetup with sig. 'm' on line 7346.
.................................................
.................................................
. LaTeX info: "xparse/define-command"
. 
. Defining command \tablenum with sig. 'om' on line 7361.
.................................................
.................................................
. LaTeX info: "xparse/define-command"
. 
. Defining command \si with sig. 'om' on line 7373.
.................................................
.................................................
. LaTeX info: "xparse/define-command"
. 
. Defining command \numInBookmark with sig. 'om' on line 7420.
.................................................
.................................................
. LaTeX info: "xparse/define-command"
. 
. Defining command \numrangeInBookmark with sig. 'omm' on line 7422.
.................................................
.................................................
. LaTeX info: "xparse/define-command"
. 
. Defining command \SIInBookmark with sig. 'omom' on line 7424.
.................................................
.................................................
. LaTeX info: "xparse/define-command"
. 
. Defining command \SIlistInBookmark with sig. 'omm' on line 7426.
.................................................
.................................................
. LaTeX info: "xparse/define-command"
. 
. Defining command \SIrangeInBookmark with sig. 'ommm' on line 7428.
.................................................
.................................................
. LaTeX info: "xparse/define-command"
. 
. Defining command \siInBookmark with sig. 'om' on line 7429.
.................................................
\g__file_internal_ior=\read1

(C:\Users\Usuario\AppData\Roaming\MiKTeX\2.9\tex\latex\beamer\translator\transl
ator.sty
Package: translator 2010/06/12 ver 1.10

(C:\Users\Usuario\AppData\Roaming\MiKTeX\2.9\tex\latex\beamer\translator\transl
ator-language-mappings.tex)))
("C:\Program Files\MiKTeX 2.9\tex\latex\amscls\amsthm.sty"
Package: amsthm 2015/03/04 v2.20.2
\thm@style=\toks21
\thm@bodyfont=\toks22
\thm@headfont=\toks23
\thm@notefont=\toks24
\thm@headpunct=\toks25
\thm@preskip=\skip69
\thm@postskip=\skip70
\thm@headsep=\skip71
\dth@everypar=\toks26
)
("C:\Program Files\MiKTeX 2.9\tex\latex\geometry\geometry.sty"
Package: geometry 2010/09/12 v5.6 Page Geometry

("C:\Program Files\MiKTeX 2.9\tex\generic\oberdiek\ifvtex.sty"
Package: ifvtex 2016/05/16 v1.6 Detect VTeX and its facilities (HO)
Package ifvtex Info: VTeX not detected.
)
\Gm@cnth=\count266
\Gm@cntv=\count267
\c@Gm@tempcnt=\count268
\Gm@bindingoffset=\dimen162
\Gm@wd@mp=\dimen163
\Gm@odd@mp=\dimen164
\Gm@even@mp=\dimen165
\Gm@layoutwidth=\dimen166
\Gm@layoutheight=\dimen167
\Gm@layouthoffset=\dimen168
\Gm@layoutvoffset=\dimen169
\Gm@dimlist=\toks27

("C:\Program Files\MiKTeX 2.9\tex\latex\geometry\geometry.cfg"))
(C:\Users\Usuario\AppData\Roaming\MiKTeX\2.9\tex\latex\lastpage\lastpage.sty
Package: lastpage 2015/03/29 v1.2m Refers to last page's name (HMM; JPG)
)
(C:\Users\Usuario\AppData\Roaming\MiKTeX\2.9\tex\latex\fancyhdr\fancyhdr.sty
Package: fancyhdr 2017/06/30 v3.9a Extensive control of page headers and footer
s
\f@nch@headwidth=\skip72
\f@nch@O@elh=\skip73
\f@nch@O@erh=\skip74
\f@nch@O@olh=\skip75
\f@nch@O@orh=\skip76
\f@nch@O@elf=\skip77
\f@nch@O@erf=\skip78
\f@nch@O@olf=\skip79
\f@nch@O@orf=\skip80
)
(C:\Users\Usuario\AppData\Roaming\MiKTeX\2.9\tex\latex\listings\listings.sty
\lst@mode=\count269
\lst@gtempboxa=\box52
\lst@token=\toks28
\lst@length=\count270
\lst@currlwidth=\dimen170
\lst@column=\count271
\lst@pos=\count272
\lst@lostspace=\dimen171
\lst@width=\dimen172
\lst@newlines=\count273
\lst@lineno=\count274
\lst@maxwidth=\dimen173

(C:\Users\Usuario\AppData\Roaming\MiKTeX\2.9\tex\latex\listings\lstmisc.sty
File: lstmisc.sty 2015/06/04 1.6 (Carsten Heinz)
\c@lstnumber=\count275
\lst@skipnumbers=\count276
\lst@framebox=\box53
)
(C:\Users\Usuario\AppData\Roaming\MiKTeX\2.9\tex\latex\listings\listings.cfg
File: listings.cfg 2015/06/04 1.6 listings configuration
))
Package: listings 2015/06/04 1.6 (Carsten Heinz)

("C:\Program Files\MiKTeX 2.9\tex\latex\tools\multicol.sty"
Package: multicol 2016/04/07 v1.8p multicolumn formatting (FMi)
\c@tracingmulticols=\count277
\mult@box=\box54
\multicol@leftmargin=\dimen174
\c@unbalance=\count278
\c@collectmore=\count279
\doublecol@number=\count280
\multicoltolerance=\count281
\multicolpretolerance=\count282
\full@width=\dimen175
\page@free=\dimen176
\premulticols=\dimen177
\postmulticols=\dimen178
\multicolsep=\skip81
\multicolbaselineskip=\skip82
\partial@page=\box55
\last@line=\box56
\maxbalancingoverflow=\dimen179
\mult@rightbox=\box57
\mult@grightbox=\box58
\mult@gfirstbox=\box59
\mult@firstbox=\box60
\@tempa=\box61
\@tempa=\box62
\@tempa=\box63
\@tempa=\box64
\@tempa=\box65
\@tempa=\box66
\@tempa=\box67
\@tempa=\box68
\@tempa=\box69
\@tempa=\box70
\@tempa=\box71
\@tempa=\box72
\@tempa=\box73
\@tempa=\box74
\@tempa=\box75
\@tempa=\box76
\@tempa=\box77
\c@columnbadness=\count283
\c@finalcolumnbadness=\count284
\last@try=\dimen180
\multicolovershoot=\dimen181
\multicolundershoot=\dimen182
\mult@nat@firstbox=\box78
\colbreak@box=\box79
\mc@col@check@num=\count285
)
("C:\Program Files\MiKTeX 2.9\tex\latex\hyperref\hyperref.sty"
Package: hyperref 2016/06/24 v6.83q Hypertext links for LaTeX

("C:\Program Files\MiKTeX 2.9\tex\generic\oberdiek\hobsub-hyperref.sty"
Package: hobsub-hyperref 2016/05/16 v1.14 Bundle oberdiek, subset hyperref (HO)


("C:\Program Files\MiKTeX 2.9\tex\generic\oberdiek\hobsub-generic.sty"
Package: hobsub-generic 2016/05/16 v1.14 Bundle oberdiek, subset generic (HO)
Package: hobsub 2016/05/16 v1.14 Construct package bundles (HO)
Package hobsub Info: Skipping package `infwarerr' (already loaded).
Package hobsub Info: Skipping package `ltxcmds' (already loaded).
Package hobsub Info: Skipping package `ifluatex' (already loaded).
Package hobsub Info: Skipping package `ifvtex' (already loaded).
Package: intcalc 2016/05/16 v1.2 Expandable calculations with integers (HO)
Package hobsub Info: Skipping package `ifpdf' (already loaded).
Package hobsub Info: Skipping package `etexcmds' (already loaded).
Package hobsub Info: Skipping package `kvsetkeys' (already loaded).
Package: kvdefinekeys 2016/05/16 v1.4 Define keys (HO)
Package: pdftexcmds 2016/05/21 v0.22 Utility functions of pdfTeX for LuaTeX (HO
)
Package pdftexcmds Info: LuaTeX not detected.
Package pdftexcmds Info: \pdf@primitive is available.
Package pdftexcmds Info: \pdf@ifprimitive is available.
Package pdftexcmds Info: \pdfdraftmode found.
Package: pdfescape 2016/05/16 v1.14 Implements pdfTeX's escape features (HO)
Package: bigintcalc 2016/05/16 v1.4 Expandable calculations on big integers (HO
)
Package: bitset 2016/05/16 v1.2 Handle bit-vector datatype (HO)
Package: uniquecounter 2016/05/16 v1.3 Provide unlimited unique counter (HO)
)
Package hobsub Info: Skipping package `hobsub' (already loaded).
Package: letltxmacro 2016/05/16 v1.5 Let assignment for LaTeX macros (HO)
Package: hopatch 2016/05/16 v1.3 Wrapper for package hooks (HO)
Package: xcolor-patch 2016/05/16 xcolor patch
Package: atveryend 2016/05/16 v1.9 Hooks at the very end of document (HO)
Package atveryend Info: \enddocument detected (standard20110627).
Package: atbegshi 2016/06/09 v1.18 At begin shipout hook (HO)
Package: refcount 2016/05/16 v3.5 Data extraction from label references (HO)
Package: hycolor 2016/05/16 v1.8 Color options for hyperref/bookmark (HO)
)
("C:\Program Files\MiKTeX 2.9\tex\latex\oberdiek\auxhook.sty"
Package: auxhook 2016/05/16 v1.4 Hooks for auxiliary files (HO)
)
\@linkdim=\dimen183
\Hy@linkcounter=\count286
\Hy@pagecounter=\count287

("C:\Program Files\MiKTeX 2.9\tex\latex\hyperref\pd1enc.def"
File: pd1enc.def 2016/06/24 v6.83q Hyperref: PDFDocEncoding definition (HO)
Now handling font encoding PD1 ...
... no UTF-8 mapping file for font encoding PD1
)
\Hy@SavedSpaceFactor=\count288

("C:\Program Files\MiKTeX 2.9\tex\latex\00miktex\hyperref.cfg"
File: hyperref.cfg 2002/06/06 v1.2 hyperref configuration of TeXLive
)
Package hyperref Info: Hyper figures OFF on input line 4486.
Package hyperref Info: Link nesting OFF on input line 4491.
Package hyperref Info: Hyper index ON on input line 4494.
Package hyperref Info: Plain pages OFF on input line 4501.
Package hyperref Info: Backreferencing OFF on input line 4506.
Package hyperref Info: Implicit mode ON; LaTeX internals redefined.
Package hyperref Info: Bookmarks ON on input line 4735.
\c@Hy@tempcnt=\count289

(C:\Users\Usuario\AppData\Roaming\MiKTeX\2.9\tex\latex\url\url.sty
\Urlmuskip=\muskip16
Package: url 2013/09/16  ver 3.4  Verb mode for urls, etc.
)
LaTeX Info: Redefining \url on input line 5088.
\XeTeXLinkMargin=\dimen184
\Fld@menulength=\count290
\Field@Width=\dimen185
\Fld@charsize=\dimen186
Package hyperref Info: Hyper figures OFF on input line 6342.
Package hyperref Info: Link nesting OFF on input line 6347.
Package hyperref Info: Hyper index ON on input line 6350.
Package hyperref Info: backreferencing OFF on input line 6357.
Package hyperref Info: Link coloring OFF on input line 6362.
Package hyperref Info: Link coloring with OCG OFF on input line 6367.
Package hyperref Info: PDF/A mode OFF on input line 6372.
LaTeX Info: Redefining \ref on input line 6412.
LaTeX Info: Redefining \pageref on input line 6416.
\Hy@abspage=\count291
\c@Item=\count292
\c@Hfootnote=\count293
)

Package hyperref Message: Driver (autodetected): hpdftex.

("C:\Program Files\MiKTeX 2.9\tex\latex\hyperref\hpdftex.def"
File: hpdftex.def 2016/06/24 v6.83q Hyperref driver for pdfTeX
\Fld@listcount=\count294
\c@bookmark@seq@number=\count295

("C:\Program Files\MiKTeX 2.9\tex\latex\oberdiek\rerunfilecheck.sty"
Package: rerunfilecheck 2016/05/16 v1.8 Rerun checks for auxiliary files (HO)
Package uniquecounter Info: New unique counter `rerunfilecheck' on input line 2
82.
)
\Hy@SectionHShift=\skip83
)
("C:\Program Files\MiKTeX 2.9\tex\latex\graphics\color.sty"
Package: color 2016/07/10 v1.1e Standard LaTeX Color (DPC)

("C:\Program Files\MiKTeX 2.9\tex\latex\graphics-cfg\color.cfg"
File: color.cfg 2016/01/02 v1.6 sample color configuration
)
Package color Info: Driver file: pdftex.def on input line 147.
)
(C:\Users\Usuario\AppData\Roaming\MiKTeX\2.9\tex\latex\placeins\placeins.sty
Package: placeins 2005/04/18  v 2.2
)
(C:\Users\Usuario\AppData\Roaming\MiKTeX\2.9\tex\latex\pgfplots\pgfplots.sty
(C:\Users\Usuario\AppData\Roaming\MiKTeX\2.9\tex\generic\pgfplots\pgfplots.revi
sion.tex)
Package: pgfplots 2017/06/05 v1.15 Data Visualization (1.15)

(C:\Users\Usuario\AppData\Roaming\MiKTeX\2.9\tex\latex\pgf\frontendlayer\tikz.s
ty
(C:\Users\Usuario\AppData\Roaming\MiKTeX\2.9\tex\latex\pgf\basiclayer\pgf.sty
(C:\Users\Usuario\AppData\Roaming\MiKTeX\2.9\tex\latex\pgf\utilities\pgfrcs.sty

(C:\Users\Usuario\AppData\Roaming\MiKTeX\2.9\tex\generic\pgf\utilities\pgfutil-
common.tex
\pgfutil@everybye=\toks29
\pgfutil@tempdima=\dimen187
\pgfutil@tempdimb=\dimen188

(C:\Users\Usuario\AppData\Roaming\MiKTeX\2.9\tex\generic\pgf\utilities\pgfutil-
common-lists.tex))
(C:\Users\Usuario\AppData\Roaming\MiKTeX\2.9\tex\generic\pgf\utilities\pgfutil-
latex.def
\pgfutil@abb=\box80

(C:\Users\Usuario\AppData\Roaming\MiKTeX\2.9\tex\latex\ms\everyshi.sty
Package: everyshi 2001/05/15 v3.00 EveryShipout Package (MS)
))
(C:\Users\Usuario\AppData\Roaming\MiKTeX\2.9\tex\generic\pgf\utilities\pgfrcs.c
ode.tex
Package: pgfrcs 2015/08/07 v3.0.1a (rcs-revision 1.31)
))
Package: pgf 2015/08/07 v3.0.1a (rcs-revision 1.15)

(C:\Users\Usuario\AppData\Roaming\MiKTeX\2.9\tex\latex\pgf\basiclayer\pgfcore.s
ty
(C:\Users\Usuario\AppData\Roaming\MiKTeX\2.9\tex\latex\pgf\systemlayer\pgfsys.s
ty
(C:\Users\Usuario\AppData\Roaming\MiKTeX\2.9\tex\generic\pgf\systemlayer\pgfsys
.code.tex
Package: pgfsys 2014/07/09 v3.0.1a (rcs-revision 1.48)

(C:\Users\Usuario\AppData\Roaming\MiKTeX\2.9\tex\generic\pgf\utilities\pgfkeys.
code.tex
\pgfkeys@pathtoks=\toks30
\pgfkeys@temptoks=\toks31

(C:\Users\Usuario\AppData\Roaming\MiKTeX\2.9\tex\generic\pgf\utilities\pgfkeysf
iltered.code.tex
\pgfkeys@tmptoks=\toks32
))
\pgf@x=\dimen189
\pgf@y=\dimen190
\pgf@xa=\dimen191
\pgf@ya=\dimen192
\pgf@xb=\dimen193
\pgf@yb=\dimen194
\pgf@xc=\dimen195
\pgf@yc=\dimen196
\w@pgf@writea=\write3
\r@pgf@reada=\read2
\c@pgf@counta=\count296
\c@pgf@countb=\count297
\c@pgf@countc=\count298
\c@pgf@countd=\count299
\t@pgf@toka=\toks33
\t@pgf@tokb=\toks34
\t@pgf@tokc=\toks35

(C:\Users\Usuario\AppData\Roaming\MiKTeX\2.9\tex\generic\pgf\systemlayer\pgf.cf
g
File: pgf.cfg 2008/05/14  (rcs-revision 1.7)
)
Driver file for pgf: pgfsys-pdftex.def

(C:\Users\Usuario\AppData\Roaming\MiKTeX\2.9\tex\generic\pgf\systemlayer\pgfsys
-pdftex.def
File: pgfsys-pdftex.def 2014/10/11  (rcs-revision 1.35)

(C:\Users\Usuario\AppData\Roaming\MiKTeX\2.9\tex\generic\pgf\systemlayer\pgfsys
-common-pdf.def
File: pgfsys-common-pdf.def 2013/10/10  (rcs-revision 1.13)
)))
(C:\Users\Usuario\AppData\Roaming\MiKTeX\2.9\tex\generic\pgf\systemlayer\pgfsys
softpath.code.tex
File: pgfsyssoftpath.code.tex 2013/09/09  (rcs-revision 1.9)
\pgfsyssoftpath@smallbuffer@items=\count300
\pgfsyssoftpath@bigbuffer@items=\count301
)
(C:\Users\Usuario\AppData\Roaming\MiKTeX\2.9\tex\generic\pgf\systemlayer\pgfsys
protocol.code.tex
File: pgfsysprotocol.code.tex 2006/10/16  (rcs-revision 1.4)
))
(C:\Users\Usuario\AppData\Roaming\MiKTeX\2.9\tex\latex\xcolor\xcolor.sty
Package: xcolor 2016/05/11 v2.12 LaTeX color extensions (UK)

("C:\Program Files\MiKTeX 2.9\tex\latex\graphics-cfg\color.cfg"
File: color.cfg 2016/01/02 v1.6 sample color configuration
)
Package xcolor Info: Driver file: pdftex.def on input line 225.
LaTeX Info: Redefining \color on input line 709.
Package xcolor Info: Model `cmy' substituted by `cmy0' on input line 1348.
Package xcolor Info: Model `hsb' substituted by `rgb' on input line 1352.
Package xcolor Info: Model `RGB' extended on input line 1364.
Package xcolor Info: Model `HTML' substituted by `rgb' on input line 1366.
Package xcolor Info: Model `Hsb' substituted by `hsb' on input line 1367.
Package xcolor Info: Model `tHsb' substituted by `hsb' on input line 1368.
Package xcolor Info: Model `HSB' substituted by `hsb' on input line 1369.
Package xcolor Info: Model `Gray' substituted by `gray' on input line 1370.
Package xcolor Info: Model `wave' substituted by `hsb' on input line 1371.
)
(C:\Users\Usuario\AppData\Roaming\MiKTeX\2.9\tex\generic\pgf\basiclayer\pgfcore
.code.tex
Package: pgfcore 2010/04/11 v3.0.1a (rcs-revision 1.7)

(C:\Users\Usuario\AppData\Roaming\MiKTeX\2.9\tex\generic\pgf\math\pgfmath.code.
tex
(C:\Users\Usuario\AppData\Roaming\MiKTeX\2.9\tex\generic\pgf\math\pgfmathcalc.c
ode.tex
(C:\Users\Usuario\AppData\Roaming\MiKTeX\2.9\tex\generic\pgf\math\pgfmathutil.c
ode.tex)
(C:\Users\Usuario\AppData\Roaming\MiKTeX\2.9\tex\generic\pgf\math\pgfmathparser
.code.tex
\pgfmath@dimen=\dimen197
\pgfmath@count=\count302
\pgfmath@box=\box81
\pgfmath@toks=\toks36
\pgfmath@stack@operand=\toks37
\pgfmath@stack@operation=\toks38
)
(C:\Users\Usuario\AppData\Roaming\MiKTeX\2.9\tex\generic\pgf\math\pgfmathfuncti
ons.code.tex
(C:\Users\Usuario\AppData\Roaming\MiKTeX\2.9\tex\generic\pgf\math\pgfmathfuncti
ons.basic.code.tex)
(C:\Users\Usuario\AppData\Roaming\MiKTeX\2.9\tex\generic\pgf\math\pgfmathfuncti
ons.trigonometric.code.tex)
(C:\Users\Usuario\AppData\Roaming\MiKTeX\2.9\tex\generic\pgf\math\pgfmathfuncti
ons.random.code.tex)
(C:\Users\Usuario\AppData\Roaming\MiKTeX\2.9\tex\generic\pgf\math\pgfmathfuncti
ons.comparison.code.tex)
(C:\Users\Usuario\AppData\Roaming\MiKTeX\2.9\tex\generic\pgf\math\pgfmathfuncti
ons.base.code.tex)
(C:\Users\Usuario\AppData\Roaming\MiKTeX\2.9\tex\generic\pgf\math\pgfmathfuncti
ons.round.code.tex)
(C:\Users\Usuario\AppData\Roaming\MiKTeX\2.9\tex\generic\pgf\math\pgfmathfuncti
ons.misc.code.tex)
(C:\Users\Usuario\AppData\Roaming\MiKTeX\2.9\tex\generic\pgf\math\pgfmathfuncti
ons.integerarithmetics.code.tex)))
(C:\Users\Usuario\AppData\Roaming\MiKTeX\2.9\tex\generic\pgf\math\pgfmathfloat.
code.tex
\c@pgfmathroundto@lastzeros=\count303
))
(C:\Users\Usuario\AppData\Roaming\MiKTeX\2.9\tex\generic\pgf\basiclayer\pgfcore
points.code.tex
File: pgfcorepoints.code.tex 2013/10/07  (rcs-revision 1.27)
\pgf@picminx=\dimen198
\pgf@picmaxx=\dimen199
\pgf@picminy=\dimen256
\pgf@picmaxy=\dimen257
\pgf@pathminx=\dimen258
\pgf@pathmaxx=\dimen259
\pgf@pathminy=\dimen260
\pgf@pathmaxy=\dimen261
\pgf@xx=\dimen262
\pgf@xy=\dimen263
\pgf@yx=\dimen264
\pgf@yy=\dimen265
\pgf@zx=\dimen266
\pgf@zy=\dimen267
)
(C:\Users\Usuario\AppData\Roaming\MiKTeX\2.9\tex\generic\pgf\basiclayer\pgfcore
pathconstruct.code.tex
File: pgfcorepathconstruct.code.tex 2013/10/07  (rcs-revision 1.29)
\pgf@path@lastx=\dimen268
\pgf@path@lasty=\dimen269
)
(C:\Users\Usuario\AppData\Roaming\MiKTeX\2.9\tex\generic\pgf\basiclayer\pgfcore
pathusage.code.tex
File: pgfcorepathusage.code.tex 2014/11/02  (rcs-revision 1.24)
\pgf@shorten@end@additional=\dimen270
\pgf@shorten@start@additional=\dimen271
)
(C:\Users\Usuario\AppData\Roaming\MiKTeX\2.9\tex\generic\pgf\basiclayer\pgfcore
scopes.code.tex
File: pgfcorescopes.code.tex 2015/05/08  (rcs-revision 1.46)
\pgfpic=\box82
\pgf@hbox=\box83
\pgf@layerbox@main=\box84
\pgf@picture@serial@count=\count304
)
(C:\Users\Usuario\AppData\Roaming\MiKTeX\2.9\tex\generic\pgf\basiclayer\pgfcore
graphicstate.code.tex
File: pgfcoregraphicstate.code.tex 2014/11/02  (rcs-revision 1.12)
\pgflinewidth=\dimen272
)
(C:\Users\Usuario\AppData\Roaming\MiKTeX\2.9\tex\generic\pgf\basiclayer\pgfcore
transformations.code.tex
File: pgfcoretransformations.code.tex 2015/08/07  (rcs-revision 1.20)
\pgf@pt@x=\dimen273
\pgf@pt@y=\dimen274
\pgf@pt@temp=\dimen275
)
(C:\Users\Usuario\AppData\Roaming\MiKTeX\2.9\tex\generic\pgf\basiclayer\pgfcore
quick.code.tex
File: pgfcorequick.code.tex 2008/10/09  (rcs-revision 1.3)
)
(C:\Users\Usuario\AppData\Roaming\MiKTeX\2.9\tex\generic\pgf\basiclayer\pgfcore
objects.code.tex
File: pgfcoreobjects.code.tex 2006/10/11  (rcs-revision 1.2)
)
(C:\Users\Usuario\AppData\Roaming\MiKTeX\2.9\tex\generic\pgf\basiclayer\pgfcore
pathprocessing.code.tex
File: pgfcorepathprocessing.code.tex 2013/09/09  (rcs-revision 1.9)
)
(C:\Users\Usuario\AppData\Roaming\MiKTeX\2.9\tex\generic\pgf\basiclayer\pgfcore
arrows.code.tex
File: pgfcorearrows.code.tex 2015/05/14  (rcs-revision 1.43)
\pgfarrowsep=\dimen276
)
(C:\Users\Usuario\AppData\Roaming\MiKTeX\2.9\tex\generic\pgf\basiclayer\pgfcore
shade.code.tex
File: pgfcoreshade.code.tex 2013/07/15  (rcs-revision 1.15)
\pgf@max=\dimen277
\pgf@sys@shading@range@num=\count305
)
(C:\Users\Usuario\AppData\Roaming\MiKTeX\2.9\tex\generic\pgf\basiclayer\pgfcore
image.code.tex
File: pgfcoreimage.code.tex 2013/07/15  (rcs-revision 1.18)

(C:\Users\Usuario\AppData\Roaming\MiKTeX\2.9\tex\generic\pgf\basiclayer\pgfcore
external.code.tex
File: pgfcoreexternal.code.tex 2014/07/09  (rcs-revision 1.21)
\pgfexternal@startupbox=\box85
))
(C:\Users\Usuario\AppData\Roaming\MiKTeX\2.9\tex\generic\pgf\basiclayer\pgfcore
layers.code.tex
File: pgfcorelayers.code.tex 2013/07/18  (rcs-revision 1.7)
)
(C:\Users\Usuario\AppData\Roaming\MiKTeX\2.9\tex\generic\pgf\basiclayer\pgfcore
transparency.code.tex
File: pgfcoretransparency.code.tex 2013/09/30  (rcs-revision 1.5)
)
(C:\Users\Usuario\AppData\Roaming\MiKTeX\2.9\tex\generic\pgf\basiclayer\pgfcore
patterns.code.tex
File: pgfcorepatterns.code.tex 2013/11/07  (rcs-revision 1.5)
)))
(C:\Users\Usuario\AppData\Roaming\MiKTeX\2.9\tex\generic\pgf\modules\pgfmodules
hapes.code.tex
File: pgfmoduleshapes.code.tex 2014/03/21  (rcs-revision 1.35)
\pgfnodeparttextbox=\box86
)
(C:\Users\Usuario\AppData\Roaming\MiKTeX\2.9\tex\generic\pgf\modules\pgfmodulep
lot.code.tex
File: pgfmoduleplot.code.tex 2015/08/03  (rcs-revision 1.13)
)
(C:\Users\Usuario\AppData\Roaming\MiKTeX\2.9\tex\latex\pgf\compatibility\pgfcom
p-version-0-65.sty
Package: pgfcomp-version-0-65 2007/07/03 v3.0.1a (rcs-revision 1.7)
\pgf@nodesepstart=\dimen278
\pgf@nodesepend=\dimen279
)
(C:\Users\Usuario\AppData\Roaming\MiKTeX\2.9\tex\latex\pgf\compatibility\pgfcom
p-version-1-18.sty
Package: pgfcomp-version-1-18 2007/07/23 v3.0.1a (rcs-revision 1.1)
))
(C:\Users\Usuario\AppData\Roaming\MiKTeX\2.9\tex\latex\pgf\utilities\pgffor.sty

(C:\Users\Usuario\AppData\Roaming\MiKTeX\2.9\tex\latex\pgf\utilities\pgfkeys.st
y
(C:\Users\Usuario\AppData\Roaming\MiKTeX\2.9\tex\generic\pgf\utilities\pgfkeys.
code.tex))
(C:\Users\Usuario\AppData\Roaming\MiKTeX\2.9\tex\latex\pgf\math\pgfmath.sty
(C:\Users\Usuario\AppData\Roaming\MiKTeX\2.9\tex\generic\pgf\math\pgfmath.code.
tex))
(C:\Users\Usuario\AppData\Roaming\MiKTeX\2.9\tex\generic\pgf\utilities\pgffor.c
ode.tex
Package: pgffor 2013/12/13 v3.0.1a (rcs-revision 1.25)

(C:\Users\Usuario\AppData\Roaming\MiKTeX\2.9\tex\generic\pgf\math\pgfmath.code.
tex)
\pgffor@iter=\dimen280
\pgffor@skip=\dimen281
\pgffor@stack=\toks39
\pgffor@toks=\toks40
))
(C:\Users\Usuario\AppData\Roaming\MiKTeX\2.9\tex\generic\pgf\frontendlayer\tikz
\tikz.code.tex
Package: tikz 2015/08/07 v3.0.1a (rcs-revision 1.151)

(C:\Users\Usuario\AppData\Roaming\MiKTeX\2.9\tex\generic\pgf\libraries\pgflibra
ryplothandlers.code.tex
File: pgflibraryplothandlers.code.tex 2013/08/31 v3.0.1a (rcs-revision 1.20)
\pgf@plot@mark@count=\count306
\pgfplotmarksize=\dimen282
)
\tikz@lastx=\dimen283
\tikz@lasty=\dimen284
\tikz@lastxsaved=\dimen285
\tikz@lastysaved=\dimen286
\tikzleveldistance=\dimen287
\tikzsiblingdistance=\dimen288
\tikz@figbox=\box87
\tikz@figbox@bg=\box88
\tikz@tempbox=\box89
\tikz@tempbox@bg=\box90
\tikztreelevel=\count307
\tikznumberofchildren=\count308
\tikznumberofcurrentchild=\count309
\tikz@fig@count=\count310

(C:\Users\Usuario\AppData\Roaming\MiKTeX\2.9\tex\generic\pgf\modules\pgfmodulem
atrix.code.tex
File: pgfmodulematrix.code.tex 2013/09/17  (rcs-revision 1.8)
\pgfmatrixcurrentrow=\count311
\pgfmatrixcurrentcolumn=\count312
\pgf@matrix@numberofcolumns=\count313
)
\tikz@expandcount=\count314

(C:\Users\Usuario\AppData\Roaming\MiKTeX\2.9\tex\generic\pgf\frontendlayer\tikz
\libraries\tikzlibrarytopaths.code.tex
File: tikzlibrarytopaths.code.tex 2008/06/17 v3.0.1a (rcs-revision 1.2)
)))
(C:\Users\Usuario\AppData\Roaming\MiKTeX\2.9\tex\generic\pgfplots\pgfplots.code
.tex
(C:\Users\Usuario\AppData\Roaming\MiKTeX\2.9\tex\generic\pgfplots\pgfplotscore.
code.tex
\t@pgfplots@toka=\toks41
\t@pgfplots@tokb=\toks42
\t@pgfplots@tokc=\toks43
\pgfplots@tmpa=\dimen289
\c@pgfplots@coordindex=\count315
\c@pgfplots@scanlineindex=\count316

(C:\Users\Usuario\AppData\Roaming\MiKTeX\2.9\tex\generic\pgfplots\sys\pgfplotss
ysgeneric.code.tex))
(C:\Users\Usuario\AppData\Roaming\MiKTeX\2.9\tex\generic\pgfplots\libs\pgfplots
library.code.tex)
(C:\Users\Usuario\AppData\Roaming\MiKTeX\2.9\tex\generic\pgfplots\oldpgfcompati
b\pgfplotsoldpgfsupp_loader.code.tex
(C:\Users\Usuario\AppData\Roaming\MiKTeX\2.9\tex\generic\pgf\libraries\pgflibra
ryfpu.code.tex)
Package pgfplots: loading complementary arithmetics for your pgf version...

(C:\Users\Usuario\AppData\Roaming\MiKTeX\2.9\tex\generic\pgfplots\oldpgfcompati
b\pgfplotsoldpgfsupp_pgflibraryfpu.code.tex)
(C:\Users\Usuario\AppData\Roaming\MiKTeX\2.9\tex\generic\pgfplots\oldpgfcompati
b\pgfplotsoldpgfsupp_pgfmathfloat.code.tex
\c@pgfmathroundto@lastzeros=\count317
))
(C:\Users\Usuario\AppData\Roaming\MiKTeX\2.9\tex\generic\pgfplots\util\pgfplots
util.code.tex
(C:\Users\Usuario\AppData\Roaming\MiKTeX\2.9\tex\generic\pgfplots\liststructure
\pgfplotsliststructure.code.tex)
(C:\Users\Usuario\AppData\Roaming\MiKTeX\2.9\tex\generic\pgfplots\liststructure
\pgfplotsliststructureext.code.tex)
(C:\Users\Usuario\AppData\Roaming\MiKTeX\2.9\tex\generic\pgfplots\liststructure
\pgfplotsarray.code.tex
\c@pgfplotsarray@tmp=\count318
)
(C:\Users\Usuario\AppData\Roaming\MiKTeX\2.9\tex\generic\pgfplots\liststructure
\pgfplotsmatrix.code.tex)
(C:\Users\Usuario\AppData\Roaming\MiKTeX\2.9\tex\generic\pgfplots\numtable\pgfp
lotstableshared.code.tex
\c@pgfplotstable@counta=\count319
\t@pgfplotstable@a=\toks44
)
(C:\Users\Usuario\AppData\Roaming\MiKTeX\2.9\tex\generic\pgfplots\liststructure
\pgfplotsdeque.code.tex)
(C:\Users\Usuario\AppData\Roaming\MiKTeX\2.9\tex\generic\pgfplots\util\pgfplots
binary.code.tex
(C:\Users\Usuario\AppData\Roaming\MiKTeX\2.9\tex\generic\pgfplots\util\pgfplots
binary.data.code.tex))
(C:\Users\Usuario\AppData\Roaming\MiKTeX\2.9\tex\generic\pgfplots\util\pgfplots
util.verb.code.tex)
(C:\Users\Usuario\AppData\Roaming\MiKTeX\2.9\tex\generic\pgfplots\libs\pgflibra
rypgfplots.surfshading.code.tex
\c@pgfplotslibrarysurf@no=\count320

(C:\Users\Usuario\AppData\Roaming\MiKTeX\2.9\tex\generic\pgfplots\sys\pgflibrar
ypgfplots.surfshading.pgfsys-pdftex.def)))
(C:\Users\Usuario\AppData\Roaming\MiKTeX\2.9\tex\generic\pgfplots\util\pgfplots
colormap.code.tex
(C:\Users\Usuario\AppData\Roaming\MiKTeX\2.9\tex\generic\pgfplots\util\pgfplots
color.code.tex))
(C:\Users\Usuario\AppData\Roaming\MiKTeX\2.9\tex\generic\pgfplots\pgfplotsstack
edplots.code.tex)
(C:\Users\Usuario\AppData\Roaming\MiKTeX\2.9\tex\generic\pgfplots\pgfplotsploth
andlers.code.tex
(C:\Users\Usuario\AppData\Roaming\MiKTeX\2.9\tex\generic\pgfplots\pgfplotsmeshp
lothandler.code.tex
(C:\Users\Usuario\AppData\Roaming\MiKTeX\2.9\tex\generic\pgfplots\pgfplotsmeshp
lotimage.code.tex)))
(C:\Users\Usuario\AppData\Roaming\MiKTeX\2.9\tex\generic\pgfplots\pgfplots.scal
ing.code.tex)
(C:\Users\Usuario\AppData\Roaming\MiKTeX\2.9\tex\generic\pgfplots\pgfplotscoord
processing.code.tex)
(C:\Users\Usuario\AppData\Roaming\MiKTeX\2.9\tex\generic\pgfplots\pgfplots.erro
rbars.code.tex)
(C:\Users\Usuario\AppData\Roaming\MiKTeX\2.9\tex\generic\pgfplots\pgfplots.mark
ers.code.tex)
(C:\Users\Usuario\AppData\Roaming\MiKTeX\2.9\tex\generic\pgfplots\pgfplotsticks
.code.tex)
(C:\Users\Usuario\AppData\Roaming\MiKTeX\2.9\tex\generic\pgfplots\pgfplots.path
s.code.tex)
(C:\Users\Usuario\AppData\Roaming\MiKTeX\2.9\tex\generic\pgf\frontendlayer\tikz
\libraries\tikzlibrarydecorations.code.tex
(C:\Users\Usuario\AppData\Roaming\MiKTeX\2.9\tex\generic\pgf\modules\pgfmoduled
ecorations.code.tex
\pgfdecoratedcompleteddistance=\dimen290
\pgfdecoratedremainingdistance=\dimen291
\pgfdecoratedinputsegmentcompleteddistance=\dimen292
\pgfdecoratedinputsegmentremainingdistance=\dimen293
\pgf@decorate@distancetomove=\dimen294
\pgf@decorate@repeatstate=\count321
\pgfdecorationsegmentamplitude=\dimen295
\pgfdecorationsegmentlength=\dimen296
)
\tikz@lib@dec@box=\box91
)
(C:\Users\Usuario\AppData\Roaming\MiKTeX\2.9\tex\generic\pgf\frontendlayer\tikz
\libraries\tikzlibrarydecorations.pathmorphing.code.tex
(C:\Users\Usuario\AppData\Roaming\MiKTeX\2.9\tex\generic\pgf\libraries\decorati
ons\pgflibrarydecorations.pathmorphing.code.tex))
(C:\Users\Usuario\AppData\Roaming\MiKTeX\2.9\tex\generic\pgf\frontendlayer\tikz
\libraries\tikzlibrarydecorations.pathreplacing.code.tex
(C:\Users\Usuario\AppData\Roaming\MiKTeX\2.9\tex\generic\pgf\libraries\decorati
ons\pgflibrarydecorations.pathreplacing.code.tex))
\pgfplots@numplots=\count322
\pgfplots@xmin@reg=\dimen297
\pgfplots@xmax@reg=\dimen298
\pgfplots@ymin@reg=\dimen299
\pgfplots@ymax@reg=\dimen300
\pgfplots@zmin@reg=\dimen301
\pgfplots@zmax@reg=\dimen302
)
(C:\Users\Usuario\AppData\Roaming\MiKTeX\2.9\tex\generic\pgf\frontendlayer\tikz
\libraries\tikzlibraryplotmarks.code.tex
File: tikzlibraryplotmarks.code.tex 2008/01/09 v3.0.1a (rcs-revision 1.1)

(C:\Users\Usuario\AppData\Roaming\MiKTeX\2.9\tex\generic\pgf\libraries\pgflibra
ryplotmarks.code.tex
File: pgflibraryplotmarks.code.tex 2015/08/03 v3.0.1a (rcs-revision 1.14)
)))
(C:\Users\Usuario\AppData\Roaming\MiKTeX\2.9\tex\generic\pgf\libraries\pgflibra
ryarrows.meta.code.tex
File: pgflibraryarrows.meta.code.tex 2015/05/13 v3.0.1a (rcs-revision 1.13)
\pgfarrowinset=\dimen303
\pgfarrowlength=\dimen304
\pgfarrowwidth=\dimen305
\pgfarrowlinewidth=\dimen306
)
(C:\Users\Usuario\AppData\Roaming\MiKTeX\2.9\tex\generic\pgfplots\libs\tikzlibr
arypgfplots.patchplots.code.tex)
("C:\Program Files\MiKTeX 2.9\tex\latex\oberdiek\grffile.sty"
Package: grffile 2016/05/16 v1.17 Extended file name support for graphics (HO)
Package grffile Info: Option `multidot' is set to `true'.
Package grffile Info: Option `extendedchars' is set to `false'.
Package grffile Info: Option `space' is set to `true'.
Package grffile Info: \Gin@ii of package `graphicx' fixed on input line 486.
)
("C:\Program Files\MiKTeX 2.9\tex\latex\amsmath\amsmath.sty"
Package: amsmath 2016/11/05 v2.16a AMS math features
\@mathmargin=\skip84

For additional information on amsmath, use the `?' option.
("C:\Program Files\MiKTeX 2.9\tex\latex\amsmath\amsbsy.sty"
Package: amsbsy 1999/11/29 v1.2d Bold Symbols
\pmbraise@=\dimen307
)
("C:\Program Files\MiKTeX 2.9\tex\latex\amsmath\amsopn.sty"
Package: amsopn 2016/03/08 v2.02 operator names
)
\inf@bad=\count323
LaTeX Info: Redefining \frac on input line 213.
\uproot@=\count324
\leftroot@=\count325
LaTeX Info: Redefining \overline on input line 375.
\classnum@=\count326
\DOTSCASE@=\count327
LaTeX Info: Redefining \ldots on input line 472.
LaTeX Info: Redefining \dots on input line 475.
LaTeX Info: Redefining \cdots on input line 596.
\Mathstrutbox@=\box92
\strutbox@=\box93
\big@size=\dimen308
LaTeX Font Info:    Redeclaring font encoding OML on input line 712.
LaTeX Font Info:    Redeclaring font encoding OMS on input line 713.
\macc@depth=\count328
\c@MaxMatrixCols=\count329
\dotsspace@=\muskip17
\c@parentequation=\count330
\dspbrk@lvl=\count331
\tag@help=\toks45
\row@=\count332
\column@=\count333
\maxfields@=\count334
\andhelp@=\toks46
\eqnshift@=\dimen309
\alignsep@=\dimen310
\tagshift@=\dimen311
\tagwidth@=\dimen312
\totwidth@=\dimen313
\lineht@=\dimen314
\@envbody=\toks47
\multlinegap=\skip85
\multlinetaggap=\skip86
\mathdisplay@stack=\toks48
LaTeX Info: Redefining \[ on input line 2817.
LaTeX Info: Redefining \] on input line 2818.
)
(C:\Users\Usuario\AppData\Roaming\MiKTeX\2.9\tex\latex\lstaddons\lstautogobble.
sty
Package: lstautogobble 2012/05/03 v0.1 Implements 'autogobble' option for 'list
ings'
\lstag@spacecount=\count335
)
(C:\Users\Usuario\AppData\Roaming\MiKTeX\2.9\tex\latex\listings\lstlang1.sty
File: lstlang1.sty 2015/06/04 1.6 listings language file
)
(C:\Users\Usuario\AppData\Roaming\MiKTeX\2.9\tex\latex\enumitem\enumitem.sty
Package: enumitem 2011/09/28 v3.5.2 Customized lists
\enitkv@toks@=\toks49
\labelindent=\skip87
\enit@outerparindent=\dimen315
\enit@toks=\toks50
\enit@inbox=\box94
\enitdp@description=\count336
)
(reporte2.aux
LaTeX Info: Redefining \. on input line 24.
LaTeX Info: Redefining \% on input line 24.


LaTeX Warning: Label `fig:bode' multiply defined.

)
\openout1 = `reporte2.aux'.

LaTeX Font Info:    Checking defaults for OML/cmm/m/it on input line 43.
LaTeX Font Info:    ... okay on input line 43.
LaTeX Font Info:    Checking defaults for T1/cmr/m/n on input line 43.
LaTeX Font Info:    ... okay on input line 43.
LaTeX Font Info:    Checking defaults for OT1/cmr/m/n on input line 43.
LaTeX Font Info:    ... okay on input line 43.
LaTeX Font Info:    Checking defaults for OMS/cmsy/m/n on input line 43.
LaTeX Font Info:    ... okay on input line 43.
LaTeX Font Info:    Checking defaults for OMX/cmex/m/n on input line 43.
LaTeX Font Info:    ... okay on input line 43.
LaTeX Font Info:    Checking defaults for U/cmr/m/n on input line 43.
LaTeX Font Info:    ... okay on input line 43.
LaTeX Font Info:    Checking defaults for PD1/pdf/m/n on input line 43.
LaTeX Font Info:    ... okay on input line 43.
 (C:\Users\Usuario\AppData\Roaming\MiKTeX\2.9\tex\context\base\supp-pdf.mkii
[Loading MPS to PDF converter (version 2006.09.02).]
\scratchcounter=\count337
\scratchdimen=\dimen316
\scratchbox=\box95
\nofMPsegments=\count338
\nofMParguments=\count339
\everyMPshowfont=\toks51
\MPscratchCnt=\count340
\MPscratchDim=\dimen317
\MPnumerator=\count341
\makeMPintoPDFobject=\count342
\everyMPtoPDFconversion=\toks52
) ("C:\Program Files\MiKTeX 2.9\tex\latex\oberdiek\epstopdf-base.sty"
Package: epstopdf-base 2016/05/15 v2.6 Base part for package epstopdf

("C:\Program Files\MiKTeX 2.9\tex\latex\oberdiek\grfext.sty"
Package: grfext 2016/05/16 v1.2 Manage graphics extensions (HO)
)
Package epstopdf-base Info: Redefining graphics rule for `.eps' on input line 4
38.
Package grfext Info: Graphics extension search list:
(grfext)             [.png,.pdf,.jpg,.mps,.jpeg,.jbig2,.jb2,.PNG,.PDF,.JPG,.JPE
G,.JBIG2,.JB2,.eps]
(grfext)             \AppendGraphicsExtensions on input line 456.
)
LaTeX Info: Redefining \. on input line 43.
LaTeX Info: Redefining \% on input line 43.

ABD: EverySelectfont initializing macros
LaTeX Info: Redefining \selectfont on input line 43.
Now handling font encoding TS1 ...
... processing UTF-8 mapping file for font encoding TS1

("C:\Program Files\MiKTeX 2.9\tex\latex\base\ts1enc.dfu"
File: ts1enc.dfu 2016/02/28 v1.1s UTF-8 support for inputenc
   defining Unicode char U+00A2 (decimal 162)
   defining Unicode char U+00A3 (decimal 163)
   defining Unicode char U+00A4 (decimal 164)
   defining Unicode char U+00A5 (decimal 165)
   defining Unicode char U+00A6 (decimal 166)
   defining Unicode char U+00A7 (decimal 167)
   defining Unicode char U+00A8 (decimal 168)
   defining Unicode char U+00A9 (decimal 169)
   defining Unicode char U+00AA (decimal 170)
   defining Unicode char U+00AC (decimal 172)
   defining Unicode char U+00AE (decimal 174)
   defining Unicode char U+00AF (decimal 175)
   defining Unicode char U+00B0 (decimal 176)
   defining Unicode char U+00B1 (decimal 177)
   defining Unicode char U+00B2 (decimal 178)
   defining Unicode char U+00B3 (decimal 179)
   defining Unicode char U+00B4 (decimal 180)
   defining Unicode char U+00B5 (decimal 181)
   defining Unicode char U+00B6 (decimal 182)
   defining Unicode char U+00B7 (decimal 183)
   defining Unicode char U+00B9 (decimal 185)
   defining Unicode char U+00BA (decimal 186)
   defining Unicode char U+00BC (decimal 188)
   defining Unicode char U+00BD (decimal 189)
   defining Unicode char U+00BE (decimal 190)
   defining Unicode char U+00D7 (decimal 215)
   defining Unicode char U+00F7 (decimal 247)
   defining Unicode char U+0192 (decimal 402)
   defining Unicode char U+02C7 (decimal 711)
   defining Unicode char U+02D8 (decimal 728)
   defining Unicode char U+02DD (decimal 733)
   defining Unicode char U+0E3F (decimal 3647)
   defining Unicode char U+2016 (decimal 8214)
   defining Unicode char U+2020 (decimal 8224)
   defining Unicode char U+2021 (decimal 8225)
   defining Unicode char U+2022 (decimal 8226)
   defining Unicode char U+2030 (decimal 8240)
   defining Unicode char U+2031 (decimal 8241)
   defining Unicode char U+203B (decimal 8251)
   defining Unicode char U+203D (decimal 8253)
   defining Unicode char U+2044 (decimal 8260)
   defining Unicode char U+204E (decimal 8270)
   defining Unicode char U+2052 (decimal 8274)
   defining Unicode char U+20A1 (decimal 8353)
   defining Unicode char U+20A4 (decimal 8356)
   defining Unicode char U+20A6 (decimal 8358)
   defining Unicode char U+20A9 (decimal 8361)
   defining Unicode char U+20AB (decimal 8363)
   defining Unicode char U+20AC (decimal 8364)
   defining Unicode char U+20B1 (decimal 8369)
   defining Unicode char U+2103 (decimal 8451)
   defining Unicode char U+2116 (decimal 8470)
   defining Unicode char U+2117 (decimal 8471)
   defining Unicode char U+211E (decimal 8478)
   defining Unicode char U+2120 (decimal 8480)
   defining Unicode char U+2122 (decimal 8482)
   defining Unicode char U+2126 (decimal 8486)
   defining Unicode char U+2127 (decimal 8487)
   defining Unicode char U+212E (decimal 8494)
   defining Unicode char U+2190 (decimal 8592)
   defining Unicode char U+2191 (decimal 8593)
   defining Unicode char U+2192 (decimal 8594)
   defining Unicode char U+2193 (decimal 8595)
   defining Unicode char U+2329 (decimal 9001)
   defining Unicode char U+232A (decimal 9002)
   defining Unicode char U+2422 (decimal 9250)
   defining Unicode char U+25E6 (decimal 9702)
   defining Unicode char U+25EF (decimal 9711)
   defining Unicode char U+266A (decimal 9834)
)
(C:\Users\Usuario\AppData\Roaming\MiKTeX\2.9\tex\latex\beamer\translator\dicts\
translator-basic-dictionary\translator-basic-dictionary-English.dict
Dictionary: translator-basic-dictionary, Language: English 
)
(C:\Users\Usuario\AppData\Roaming\MiKTeX\2.9\tex\latex\siunitx\siunitx-abbrevia
tions.cfg
File: siunitx-abbreviations.cfg 2017/08/02 v2.7j siunitx: Abbreviated units
)
(C:\Users\Usuario\AppData\Roaming\MiKTeX\2.9\tex\latex\siunitx\siunitx-binary.c
fg
File: siunitx-binary.cfg 2017/08/02 v2.7j siunitx: Binary units
)
*geometry* driver: auto-detecting
*geometry* detected driver: pdftex
*geometry* verbose mode - [ preamble ] result:
* driver: pdftex
* paper: letterpaper
* layout: <same size as paper>
* layoutoffset:(h,v)=(0.0pt,0.0pt)
* modes: 
* h-part:(L,W,R)=(71.13188pt, 472.03123pt, 71.13188pt)
* v-part:(T,H,B)=(71.13188pt, 638.47984pt, 85.35826pt)
* \paperwidth=614.295pt
* \paperheight=794.96999pt
* \textwidth=472.03123pt
* \textheight=638.47984pt
* \oddsidemargin=-1.1381pt
* \evensidemargin=-1.1381pt
* \topmargin=-38.1381pt
* \headheight=12.0pt
* \headsep=25.0pt
* \topskip=10.0pt
* \footskip=30.0pt
* \marginparwidth=65.0pt
* \marginparsep=11.0pt
* \columnsep=10.0pt
* \skip\footins=9.0pt plus 4.0pt minus 2.0pt
* \hoffset=0.0pt
* \voffset=0.0pt
* \mag=1000
* \@twocolumnfalse
* \@twosidefalse
* \@mparswitchfalse
* \@reversemarginfalse
* (1in=72.27pt=25.4mm, 1cm=28.453pt)

Package lastpage Info: Please have a look at the pageslts package at
(lastpage)             https://www.ctan.org/pkg/pageslts
(lastpage)             ! on input line 43.
\c@lstlisting=\count343
\AtBeginShipoutBox=\box96
Package hyperref Info: Link coloring OFF on input line 43.
("C:\Program Files\MiKTeX 2.9\tex\latex\hyperref\nameref.sty"
Package: nameref 2016/05/21 v2.44 Cross-referencing by name of section

("C:\Program Files\MiKTeX 2.9\tex\generic\oberdiek\gettitlestring.sty"
Package: gettitlestring 2016/05/16 v1.5 Cleanup title references (HO)
)
\c@section@level=\count344
)
LaTeX Info: Redefining \ref on input line 43.
LaTeX Info: Redefining \pageref on input line 43.
LaTeX Info: Redefining \nameref on input line 43.

(reporte2.out) (reporte2.out)
\@outlinefile=\write4
\openout4 = `reporte2.out'.

 ABD: EveryShipout initializing macros
Package pgfplots notification 'compat/show suggested version=true': document ha
s been generated with the most recent feature set (\pgfplotsset{compat=1.15}).

\c__siunitx_mathsf_int=\count345
\c__siunitx_mathtt_int=\count346
<encabezado.png, id=30, 983.675pt x 111.41624pt>
File: encabezado.png Graphic file (type png)
 <use encabezado.png>
Package pdftex.def Info: encabezado.png used on input line 49.
(pdftex.def)             Requested size: 491.8363pt x 55.70798pt.

Overfull \hbox (19.80507pt too wide) in paragraph at lines 49--52
 [] 
 []

Package babel Info: Redefining spanish shorthand <<
(babel)             in language  on input line 76.
Package babel Info: Redefining spanish shorthand >>
(babel)             in language  on input line 76.
Package babel Info: Redefining spanish shorthand "=
(babel)             in language  on input line 76.
Package babel Info: Redefining spanish shorthand "~
(babel)             in language  on input line 76.
Package babel Info: Redefining spanish shorthand "!
(babel)             in language  on input line 76.
Package babel Info: Redefining spanish shorthand "?
(babel)             in language  on input line 76.
Package babel Info: Redefining spanish shorthand <<
(babel)             in language  on input line 76.
Package babel Info: Redefining spanish shorthand >>
(babel)             in language  on input line 76.
Package babel Info: Redefining spanish shorthand "=
(babel)             in language  on input line 76.
Package babel Info: Redefining spanish shorthand "~
(babel)             in language  on input line 76.
Package babel Info: Redefining spanish shorthand "!
(babel)             in language  on input line 76.
Package babel Info: Redefining spanish shorthand "?
(babel)             in language  on input line 76.
[1

{C:/Users/Usuario/AppData/Local/MiKTeX/2.9/pdftex/config/pdftex.map} <./encabez
ado.png>] (reporte2.toc
LaTeX Info: Redefining \. on input line 1.
LaTeX Info: Redefining \% on input line 1.
)
\tf@toc=\write5
\openout5 = `reporte2.toc'.

Package babel Info: Redefining spanish shorthand <<
(babel)             in language  on input line 81.
Package babel Info: Redefining spanish shorthand >>
(babel)             in language  on input line 81.
Package babel Info: Redefining spanish shorthand "=
(babel)             in language  on input line 81.
Package babel Info: Redefining spanish shorthand "~
(babel)             in language  on input line 81.
Package babel Info: Redefining spanish shorthand "!
(babel)             in language  on input line 81.
Package babel Info: Redefining spanish shorthand "?
(babel)             in language  on input line 81.
Package babel Info: Redefining spanish shorthand <<
(babel)             in language  on input line 81.
Package babel Info: Redefining spanish shorthand >>
(babel)             in language  on input line 81.
Package babel Info: Redefining spanish shorthand "=
(babel)             in language  on input line 81.
Package babel Info: Redefining spanish shorthand "~
(babel)             in language  on input line 81.
Package babel Info: Redefining spanish shorthand "!
(babel)             in language  on input line 81.
Package babel Info: Redefining spanish shorthand "?
(babel)             in language  on input line 81.
pdfTeX warning (ext4): destination with the same identifier (name{page.1}) has 
been already used, duplicate ignored
<to be read again> 
                   \relax 
l.81 \pagenumbering
                   {arabic} [1]
Package babel Info: Redefining spanish shorthand <<
(babel)             in language  on input line 83.
Package babel Info: Redefining spanish shorthand >>
(babel)             in language  on input line 83.
Package babel Info: Redefining spanish shorthand "=
(babel)             in language  on input line 83.
Package babel Info: Redefining spanish shorthand "~
(babel)             in language  on input line 83.
Package babel Info: Redefining spanish shorthand "!
(babel)             in language  on input line 83.
Package babel Info: Redefining spanish shorthand "?
(babel)             in language  on input line 83.

Underfull \hbox (badness 10000) in paragraph at lines 83--84

 []


Underfull \hbox (badness 10000) in paragraph at lines 86--88

 []


Underfull \hbox (badness 10000) in paragraph at lines 89--90

 []

Package babel Info: Redefining spanish shorthand <<
(babel)             in language  on input line 90.
Package babel Info: Redefining spanish shorthand >>
(babel)             in language  on input line 90.
Package babel Info: Redefining spanish shorthand "=
(babel)             in language  on input line 90.
Package babel Info: Redefining spanish shorthand "~
(babel)             in language  on input line 90.
Package babel Info: Redefining spanish shorthand "!
(babel)             in language  on input line 90.
Package babel Info: Redefining spanish shorthand "?
(babel)             in language  on input line 90.
Package babel Info: Redefining spanish shorthand <<
(babel)             in language  on input line 91.
Package babel Info: Redefining spanish shorthand >>
(babel)             in language  on input line 91.
Package babel Info: Redefining spanish shorthand "=
(babel)             in language  on input line 91.
Package babel Info: Redefining spanish shorthand "~
(babel)             in language  on input line 91.
Package babel Info: Redefining spanish shorthand "!
(babel)             in language  on input line 91.
Package babel Info: Redefining spanish shorthand "?
(babel)             in language  on input line 91.
LaTeX Font Info:    Try loading font information for OMS+cmr on input line 92.
("C:\Program Files\MiKTeX 2.9\tex\latex\base\omscmr.fd"
File: omscmr.fd 2014/09/29 v2.5h Standard LaTeX font definitions
)
LaTeX Font Info:    Font shape `OMS/cmr/m/n' in size <10> not available
(Font)              Font shape `OMS/cmsy/m/n' tried instead on input line 92.

Underfull \hbox (badness 10000) in paragraph at lines 92--93

 []


Underfull \hbox (badness 10000) in paragraph at lines 94--95

 []

<circuito_1.png, id=55, 375.65344pt x 270.25969pt>
File: circuito_1.png Graphic file (type png)
 <use circuito_1.png>
Package pdftex.def Info: circuito_1.png used on input line 99.
(pdftex.def)             Requested size: 236.01561pt x 169.80263pt.


LaTeX Warning: `!h' float specifier changed to `!ht'.

Package babel Info: Redefining spanish shorthand <<
(babel)             in language  on input line 103.
Package babel Info: Redefining spanish shorthand >>
(babel)             in language  on input line 103.
Package babel Info: Redefining spanish shorthand "=
(babel)             in language  on input line 103.
Package babel Info: Redefining spanish shorthand "~
(babel)             in language  on input line 103.
Package babel Info: Redefining spanish shorthand "!
(babel)             in language  on input line 103.
Package babel Info: Redefining spanish shorthand "?
(babel)             in language  on input line 103.
Package babel Info: Redefining spanish shorthand <<
(babel)             in language  on input line 103.
Package babel Info: Redefining spanish shorthand >>
(babel)             in language  on input line 103.
Package babel Info: Redefining spanish shorthand "=
(babel)             in language  on input line 103.
Package babel Info: Redefining spanish shorthand "~
(babel)             in language  on input line 103.
Package babel Info: Redefining spanish shorthand "!
(babel)             in language  on input line 103.
Package babel Info: Redefining spanish shorthand "?
(babel)             in language  on input line 103.
pdfTeX warning (ext4): destination with the same identifier (name{page.1}) has 
been already used, duplicate ignored
<to be read again> 
                   \relax 
l.103 \FloatBarrier
                    [1] <esque_1.jpg, id=64, 1721.68219pt x 1210.5225pt>
File: esque_1.jpg Graphic file (type jpg)

<use esque_1.jpg>
Package pdftex.def Info: esque_1.jpg used on input line 107.
(pdftex.def)             Requested size: 236.01561pt x 165.94402pt.
Package babel Info: Redefining spanish shorthand <<
(babel)             in language  on input line 119.
Package babel Info: Redefining spanish shorthand >>
(babel)             in language  on input line 119.
Package babel Info: Redefining spanish shorthand "=
(babel)             in language  on input line 119.
Package babel Info: Redefining spanish shorthand "~
(babel)             in language  on input line 119.
Package babel Info: Redefining spanish shorthand "!
(babel)             in language  on input line 119.
Package babel Info: Redefining spanish shorthand "?
(babel)             in language  on input line 119.
Package babel Info: Redefining spanish shorthand <<
(babel)             in language  on input line 119.
Package babel Info: Redefining spanish shorthand >>
(babel)             in language  on input line 119.
Package babel Info: Redefining spanish shorthand "=
(babel)             in language  on input line 119.
Package babel Info: Redefining spanish shorthand "~
(babel)             in language  on input line 119.
Package babel Info: Redefining spanish shorthand "!
(babel)             in language  on input line 119.
Package babel Info: Redefining spanish shorthand "?
(babel)             in language  on input line 119.
 [2 <./circuito_1.png> <./esque_1.jpg>]
<esque_2.jpg, id=74, 1438.6247pt x 1011.02719pt>
File: esque_2.jpg Graphic file (type jpg)
 <use esque_2.jpg>
Package pdftex.def Info: esque_2.jpg used on input line 124.
(pdftex.def)             Requested size: 236.01561pt x 165.8558pt.

<Z1.png, id=76, 528.47438pt x 340.27126pt>
File: Z1.png Graphic file (type png)
 <use Z1.png>
Package pdftex.def Info: Z1.png used on input line 139.
(pdftex.def)             Requested size: 236.01561pt x 151.9628pt.


LaTeX Warning: `!h' float specifier changed to `!ht'.

Package babel Info: Redefining spanish shorthand <<
(babel)             in language  on input line 143.
Package babel Info: Redefining spanish shorthand >>
(babel)             in language  on input line 143.
Package babel Info: Redefining spanish shorthand "=
(babel)             in language  on input line 143.
Package babel Info: Redefining spanish shorthand "~
(babel)             in language  on input line 143.
Package babel Info: Redefining spanish shorthand "!
(babel)             in language  on input line 143.
Package babel Info: Redefining spanish shorthand "?
(babel)             in language  on input line 143.
Package babel Info: Redefining spanish shorthand <<
(babel)             in language  on input line 143.
Package babel Info: Redefining spanish shorthand >>
(babel)             in language  on input line 143.
Package babel Info: Redefining spanish shorthand "=
(babel)             in language  on input line 143.
Package babel Info: Redefining spanish shorthand "~
(babel)             in language  on input line 143.
Package babel Info: Redefining spanish shorthand "!
(babel)             in language  on input line 143.
Package babel Info: Redefining spanish shorthand "?
(babel)             in language  on input line 143.
[3 <./esque_2.jpg>]
Package babel Info: Redefining spanish shorthand <<
(babel)             in language  on input line 167.
Package babel Info: Redefining spanish shorthand >>
(babel)             in language  on input line 167.
Package babel Info: Redefining spanish shorthand "=
(babel)             in language  on input line 167.
Package babel Info: Redefining spanish shorthand "~
(babel)             in language  on input line 167.
Package babel Info: Redefining spanish shorthand "!
(babel)             in language  on input line 167.
Package babel Info: Redefining spanish shorthand "?
(babel)             in language  on input line 167.
Package babel Info: Redefining spanish shorthand <<
(babel)             in language  on input line 167.
Package babel Info: Redefining spanish shorthand >>
(babel)             in language  on input line 167.
Package babel Info: Redefining spanish shorthand "=
(babel)             in language  on input line 167.
Package babel Info: Redefining spanish shorthand "~
(babel)             in language  on input line 167.
Package babel Info: Redefining spanish shorthand "!
(babel)             in language  on input line 167.
Package babel Info: Redefining spanish shorthand "?
(babel)             in language  on input line 167.
 [4 <./Z1.png>]
Underfull \hbox (badness 10000) in paragraph at lines 171--173

 []


Underfull \hbox (badness 10000) in paragraph at lines 174--175

 []


Underfull \hbox (badness 10000) in paragraph at lines 176--179

 []

(pract1.sci) <grafica_programa.png, id=95, 612.2875pt x 393.47pt>
File: grafica_programa.png Graphic file (type png)

<use grafica_programa.png>
Package pdftex.def Info: grafica_programa.png used on input line 188.
(pdftex.def)             Requested size: 236.01561pt x 151.66953pt.


LaTeX Warning: `!h' float specifier changed to `!ht'.

Package babel Info: Redefining spanish shorthand <<
(babel)             in language  on input line 192.
Package babel Info: Redefining spanish shorthand >>
(babel)             in language  on input line 192.
Package babel Info: Redefining spanish shorthand "=
(babel)             in language  on input line 192.
Package babel Info: Redefining spanish shorthand "~
(babel)             in language  on input line 192.
Package babel Info: Redefining spanish shorthand "!
(babel)             in language  on input line 192.
Package babel Info: Redefining spanish shorthand "?
(babel)             in language  on input line 192.
Package babel Info: Redefining spanish shorthand <<
(babel)             in language  on input line 192.
Package babel Info: Redefining spanish shorthand >>
(babel)             in language  on input line 192.
Package babel Info: Redefining spanish shorthand "=
(babel)             in language  on input line 192.
Package babel Info: Redefining spanish shorthand "~
(babel)             in language  on input line 192.
Package babel Info: Redefining spanish shorthand "!
(babel)             in language  on input line 192.
Package babel Info: Redefining spanish shorthand "?
(babel)             in language  on input line 192.
[5]
Package babel Info: Redefining spanish shorthand <<
(babel)             in language  on input line 193.
Package babel Info: Redefining spanish shorthand >>
(babel)             in language  on input line 193.
Package babel Info: Redefining spanish shorthand "=
(babel)             in language  on input line 193.
Package babel Info: Redefining spanish shorthand "~
(babel)             in language  on input line 193.
Package babel Info: Redefining spanish shorthand "!
(babel)             in language  on input line 193.
Package babel Info: Redefining spanish shorthand "?
(babel)             in language  on input line 193.
 <respuesta_en_escalon_1.jpeg, id=113, 1284.8pt x 684.5575pt>
File: respuesta_en_escalon_1.jpeg Graphic file (type jpg)

<use respuesta_en_escalon_1.jpeg>
Package pdftex.def Info: respuesta_en_escalon_1.jpeg used on input line 197.
(pdftex.def)             Requested size: 377.62642pt x 201.20108pt.

<Bode_sim.jpeg, id=114, 1284.8pt x 684.5575pt>
File: Bode_sim.jpeg Graphic file (type jpg)
 <use Bode_sim.jpeg>
Package pdftex.def Info: Bode_sim.jpeg used on input line 204.
(pdftex.def)             Requested size: 377.62642pt x 201.20108pt.


LaTeX Warning: `!h' float specifier changed to `!ht'.

Package babel Info: Redefining spanish shorthand <<
(babel)             in language  on input line 208.
Package babel Info: Redefining spanish shorthand >>
(babel)             in language  on input line 208.
Package babel Info: Redefining spanish shorthand "=
(babel)             in language  on input line 208.
Package babel Info: Redefining spanish shorthand "~
(babel)             in language  on input line 208.
Package babel Info: Redefining spanish shorthand "!
(babel)             in language  on input line 208.
Package babel Info: Redefining spanish shorthand "?
(babel)             in language  on input line 208.
Package babel Info: Redefining spanish shorthand <<
(babel)             in language  on input line 208.
Package babel Info: Redefining spanish shorthand >>
(babel)             in language  on input line 208.
Package babel Info: Redefining spanish shorthand "=
(babel)             in language  on input line 208.
Package babel Info: Redefining spanish shorthand "~
(babel)             in language  on input line 208.
Package babel Info: Redefining spanish shorthand "!
(babel)             in language  on input line 208.
Package babel Info: Redefining spanish shorthand "?
(babel)             in language  on input line 208.
[6 <./grafica_programa.png> <./respuesta_en_escalon_1.jpeg>]
Package babel Info: Redefining spanish shorthand <<
(babel)             in language  on input line 209.
Package babel Info: Redefining spanish shorthand >>
(babel)             in language  on input line 209.
Package babel Info: Redefining spanish shorthand "=
(babel)             in language  on input line 209.
Package babel Info: Redefining spanish shorthand "~
(babel)             in language  on input line 209.
Package babel Info: Redefining spanish shorthand "!
(babel)             in language  on input line 209.
Package babel Info: Redefining spanish shorthand "?
(babel)             in language  on input line 209.

<bode.png, id=123, 359.09157pt x 215.30438pt>
File: bode.png Graphic file (type png)
 <use bode.png>
Package pdftex.def Info: bode.png used on input line 259.
(pdftex.def)             Requested size: 330.42041pt x 198.12842pt.


LaTeX Warning: `!h' float specifier changed to `!ht'.

Package babel Info: Redefining spanish shorthand <<
(babel)             in language  on input line 263.
Package babel Info: Redefining spanish shorthand >>
(babel)             in language  on input line 263.
Package babel Info: Redefining spanish shorthand "=
(babel)             in language  on input line 263.
Package babel Info: Redefining spanish shorthand "~
(babel)             in language  on input line 263.
Package babel Info: Redefining spanish shorthand "!
(babel)             in language  on input line 263.
Package babel Info: Redefining spanish shorthand "?
(babel)             in language  on input line 263.
Package babel Info: Redefining spanish shorthand <<
(babel)             in language  on input line 263.
Package babel Info: Redefining spanish shorthand >>
(babel)             in language  on input line 263.
Package babel Info: Redefining spanish shorthand "=
(babel)             in language  on input line 263.
Package babel Info: Redefining spanish shorthand "~
(babel)             in language  on input line 263.
Package babel Info: Redefining spanish shorthand "!
(babel)             in language  on input line 263.
Package babel Info: Redefining spanish shorthand "?
(babel)             in language  on input line 263.
[7 <./Bode_sim.jpeg>] <foto2.jpg, id=130, 256.96pt x 192.72pt>
File: foto2.jpg Graphic file (type jpg)
 <use foto2.jpg>
Package pdftex.def Info: foto2.jpg used on input line 270.
(pdftex.def)             Requested size: 236.01561pt x 177.01341pt.
Package babel Info: Redefining spanish shorthand <<
(babel)             in language  on input line 275.
Package babel Info: Redefining spanish shorthand >>
(babel)             in language  on input line 275.
Package babel Info: Redefining spanish shorthand "=
(babel)             in language  on input line 275.
Package babel Info: Redefining spanish shorthand "~
(babel)             in language  on input line 275.
Package babel Info: Redefining spanish shorthand "!
(babel)             in language  on input line 275.
Package babel Info: Redefining spanish shorthand "?
(babel)             in language  on input line 275.

Underfull \hbox (badness 10000) in paragraph at lines 276--278

 []

Package babel Info: Redefining spanish shorthand <<
(babel)             in language  on input line 278.
Package babel Info: Redefining spanish shorthand >>
(babel)             in language  on input line 278.
Package babel Info: Redefining spanish shorthand "=
(babel)             in language  on input line 278.
Package babel Info: Redefining spanish shorthand "~
(babel)             in language  on input line 278.
Package babel Info: Redefining spanish shorthand "!
(babel)             in language  on input line 278.
Package babel Info: Redefining spanish shorthand "?
(babel)             in language  on input line 278.
Package babel Info: Redefining spanish shorthand <<
(babel)             in language  on input line 278.
Package babel Info: Redefining spanish shorthand >>
(babel)             in language  on input line 278.
Package babel Info: Redefining spanish shorthand "=
(babel)             in language  on input line 278.
Package babel Info: Redefining spanish shorthand "~
(babel)             in language  on input line 278.
Package babel Info: Redefining spanish shorthand "!
(babel)             in language  on input line 278.
Package babel Info: Redefining spanish shorthand "?
(babel)             in language  on input line 278.
[8 <./bode.png> <./foto2.jpg>]
Underfull \hbox (badness 10000) in paragraph at lines 279--280

 []


AED: lastpage setting LastPage
Package babel Info: Redefining spanish shorthand <<
(babel)             in language  on input line 290.
Package babel Info: Redefining spanish shorthand >>
(babel)             in language  on input line 290.
Package babel Info: Redefining spanish shorthand "=
(babel)             in language  on input line 290.
Package babel Info: Redefining spanish shorthand "~
(babel)             in language  on input line 290.
Package babel Info: Redefining spanish shorthand "!
(babel)             in language  on input line 290.
Package babel Info: Redefining spanish shorthand "?
(babel)             in language  on input line 290.
Package babel Info: Redefining spanish shorthand <<
(babel)             in language  on input line 290.
Package babel Info: Redefining spanish shorthand >>
(babel)             in language  on input line 290.
Package babel Info: Redefining spanish shorthand "=
(babel)             in language  on input line 290.
Package babel Info: Redefining spanish shorthand "~
(babel)             in language  on input line 290.
Package babel Info: Redefining spanish shorthand "!
(babel)             in language  on input line 290.
Package babel Info: Redefining spanish shorthand "?
(babel)             in language  on input line 290.
[9]
Package babel Info: Redefining spanish shorthand <<
(babel)             in language  on input line 290.
Package babel Info: Redefining spanish shorthand >>
(babel)             in language  on input line 290.
Package babel Info: Redefining spanish shorthand "=
(babel)             in language  on input line 290.
Package babel Info: Redefining spanish shorthand "~
(babel)             in language  on input line 290.
Package babel Info: Redefining spanish shorthand "!
(babel)             in language  on input line 290.
Package babel Info: Redefining spanish shorthand "?
(babel)             in language  on input line 290.
Package atveryend Info: Empty hook `BeforeClearDocument' on input line 290.
Package atveryend Info: Empty hook `AfterLastShipout' on input line 290.
 (reporte2.aux
LaTeX Info: Redefining \. on input line 24.
LaTeX Info: Redefining \% on input line 24.
)
Package atveryend Info: Executing hook `AtVeryEndDocument' on input line 290.
Package atveryend Info: Executing hook `AtEndAfterFileList' on input line 290.
Package rerunfilecheck Info: File `reporte2.out' has not changed.
(rerunfilecheck)             Checksum: 67235308C4E054D2BACC049E950155D8;305.


LaTeX Warning: There were multiply-defined labels.

Package atveryend Info: Empty hook `AtVeryVeryEnd' on input line 290.
 ) 
Here is how much of TeX's memory you used:
 42292 strings out of 493333
 967219 string characters out of 3139188
 1140528 words of memory out of 3000000
 45183 multiletter control sequences out of 15000+200000
 534725 words of font info for 39 fonts, out of 3000000 for 9000
 1141 hyphenation exceptions out of 8191
 75i,12n,128p,10408b,1758s stack positions out of 5000i,500n,10000p,200000b,50000s
<C:/Program Files/MiKTeX 2.9/fonts/type1/public/amsfonts/cm/cmbx10.pfb><C:/Pr
ogram Files/MiKTeX 2.9/fonts/type1/public/amsfonts/cm/cmbx12.pfb><C:/Program Fi
les/MiKTeX 2.9/fonts/type1/public/amsfonts/cm/cmmi10.pfb><C:/Program Files/MiKT
eX 2.9/fonts/type1/public/amsfonts/cm/cmmi5.pfb><C:/Program Files/MiKTeX 2.9/fo
nts/type1/public/amsfonts/cm/cmmi7.pfb><C:/Program Files/MiKTeX 2.9/fonts/type1
/public/amsfonts/cm/cmr10.pfb><C:/Program Files/MiKTeX 2.9/fonts/type1/public/a
msfonts/cm/cmr12.pfb><C:/Program Files/MiKTeX 2.9/fonts/type1/public/amsfonts/c
m/cmr17.pfb><C:/Program Files/MiKTeX 2.9/fonts/type1/public/amsfonts/cm/cmr5.pf
b><C:/Program Files/MiKTeX 2.9/fonts/type1/public/amsfonts/cm/cmr7.pfb><C:/Prog
ram Files/MiKTeX 2.9/fonts/type1/public/amsfonts/cm/cmsy10.pfb><C:/Program File
s/MiKTeX 2.9/fonts/type1/public/amsfonts/cm/cmsy7.pfb><C:/Program Files/MiKTeX 
2.9/fonts/type1/public/amsfonts/cm/cmtt10.pfb><C:/Program Files/MiKTeX 2.9/font
s/type1/public/amsfonts/cm/cmtt9.pfb>
Output written on reporte2.pdf (11 pages, 853066 bytes).
PDF statistics:
 196 PDF objects out of 1000 (max. 8388607)
 35 named destinations out of 1000 (max. 500000)
 111 words of extra memory for PDF output out of 10000 (max. 10000000)

